==============================================================
File generated by Vivado(TM) HLS - High-Level Synthesis from C, C++ and SystemC
Version: 2015.2_hlssdsoc
Copyright (C) 2015 Xilinx Inc. All rights reserved.

==============================================================

@I [HLS-10] Setting target device to ' xc7z020clg484-1 '
@I [SYN-201] Setting up clock 'default' with a period of 5.95ns.
@I [HLS-10] Analyzing design file '/home/student/ml634/2015/samples/platforms/zc702_hdmi/samples/simple_sobel/hw/img_filters.c' ... 
@I [HLS-10] Validating synthesis directives ...
@I [HLS-10] Starting code transformations ...
@I [HLS-10] Checking synthesizability ...
@I [XFORM-602] Inlining function 'rgb2y' into 'img_process' (/home/student/ml634/2015/samples/platforms/zc702_hdmi/samples/simple_sobel/hw/img_filters.c:74) automatically.
@I [XFORM-602] Inlining function 'rgb2y' into 'img_process' (/home/student/ml634/2015/samples/platforms/zc702_hdmi/samples/simple_sobel/hw/img_filters.c:74) automatically.
@W [XFORM-124] Array 'rgb_data_out' (/home/student/ml634/2015/samples/platforms/zc702_hdmi/samples/simple_sobel/hw/img_filters.c:52): may have improper streaming access(es), possible reasons: (1) some entries are accessed more than once; (2) some entries are not used; (3) the entries are not accessed in sequential order.
@W [XFORM-124] Array 'rgb_data_in' (/home/student/ml634/2015/samples/platforms/zc702_hdmi/samples/simple_sobel/hw/img_filters.c:52): may have improper streaming access(es), possible reasons: (1) some entries are accessed more than once; (2) some entries are not used; (3) the entries are not accessed in sequential order.
@I [XFORM-401] Performing if-conversion on hyperblock from (/home/student/ml634/2015/samples/platforms/zc702_hdmi/samples/simple_sobel/hw/img_filters.c:111:51) to (/home/student/ml634/2015/samples/platforms/zc702_hdmi/samples/simple_sobel/hw/img_filters.c:111:41) in function 'img_process'... converting 5 basic blocks.
@I [XFORM-11] Balancing expressions in function 'img_process' (/home/student/ml634/2015/samples/platforms/zc702_hdmi/samples/simple_sobel/hw/img_filters.c:52)...15 expression(s) balanced.
@W [XFORM-542] Cannot flatten a loop nest 'Loop-4' (/home/student/ml634/2015/samples/platforms/zc702_hdmi/samples/simple_sobel/hw/img_filters.c:94:8) in function 'img_process' : 
               more than one sub loop.
@I [HLS-111] Elapsed time: 2.71 seconds; current memory usage: 0.157 MB.
@I [HLS-10] Starting hardware synthesis ...
@I [HLS-10] Synthesizing 'img_process' ...
@I [HLS-10] ----------------------------------------------------------------
@I [HLS-10] -- Scheduling module 'img_process' 
@I [HLS-10] ----------------------------------------------------------------
@I [SCHED-11] Starting scheduling ...
@I [SCHED-61] Pipelining loop 'Loop 1'.
@W [SCHED-68] Unable to enforce a carried dependency constraint (II = 1, distance = 1)
   between 'load' operation ('pixel_load_2', /home/student/ml634/2015/samples/platforms/zc702_hdmi/samples/simple_sobel/hw/img_filters.c:73) on local variable 'pixel' and 'store' operation (/home/student/ml634/2015/samples/platforms/zc702_hdmi/samples/simple_sobel/hw/img_filters.c:70) of variable 'pixel', /home/student/ml634/2015/samples/platforms/zc702_hdmi/samples/simple_sobel/hw/img_filters.c:70 on local variable 'pixel'.
@W [SCHED-68] Unable to enforce a carried dependency constraint (II = 2, distance = 1)
   between 'load' operation ('pixel_load_2', /home/student/ml634/2015/samples/platforms/zc702_hdmi/samples/simple_sobel/hw/img_filters.c:73) on local variable 'pixel' and 'store' operation (/home/student/ml634/2015/samples/platforms/zc702_hdmi/samples/simple_sobel/hw/img_filters.c:70) of variable 'pixel', /home/student/ml634/2015/samples/platforms/zc702_hdmi/samples/simple_sobel/hw/img_filters.c:70 on local variable 'pixel'.
@I [SCHED-61] Pipelining result: Target II: 1, Final II: 3, Depth: 7.
@I [SCHED-61] Pipelining loop 'Loop 2'.
@W [SCHED-68] Unable to enforce a carried dependency constraint (II = 1, distance = 1)
   between 'load' operation ('pixel_load_5', /home/student/ml634/2015/samples/platforms/zc702_hdmi/samples/simple_sobel/hw/img_filters.c:82) on local variable 'pixel' and 'store' operation (/home/student/ml634/2015/samples/platforms/zc702_hdmi/samples/simple_sobel/hw/img_filters.c:79) of variable 'pixel', /home/student/ml634/2015/samples/platforms/zc702_hdmi/samples/simple_sobel/hw/img_filters.c:79 on local variable 'pixel'.
@W [SCHED-68] Unable to enforce a carried dependency constraint (II = 2, distance = 1)
   between 'load' operation ('pixel_load_5', /home/student/ml634/2015/samples/platforms/zc702_hdmi/samples/simple_sobel/hw/img_filters.c:82) on local variable 'pixel' and 'store' operation (/home/student/ml634/2015/samples/platforms/zc702_hdmi/samples/simple_sobel/hw/img_filters.c:79) of variable 'pixel', /home/student/ml634/2015/samples/platforms/zc702_hdmi/samples/simple_sobel/hw/img_filters.c:79 on local variable 'pixel'.
@I [SCHED-61] Pipelining result: Target II: 1, Final II: 3, Depth: 7.
@I [SCHED-61] Pipelining loop 'Loop 3'.
@I [SCHED-61] Pipelining result: Target II: 1, Final II: 1, Depth: 2.
@I [SCHED-61] Pipelining loop 'Loop 4.1'.
@W [SCHED-68] Unable to enforce a carried dependency constraint (II = 1, distance = 1)
   between 'load' operation ('pixel_load_8', /home/student/ml634/2015/samples/platforms/zc702_hdmi/samples/simple_sobel/hw/img_filters.c:102) on local variable 'pixel' and 'store' operation (/home/student/ml634/2015/samples/platforms/zc702_hdmi/samples/simple_sobel/hw/img_filters.c:99) of variable 'pixel', /home/student/ml634/2015/samples/platforms/zc702_hdmi/samples/simple_sobel/hw/img_filters.c:99 on local variable 'pixel'.
@W [SCHED-68] Unable to enforce a carried dependency constraint (II = 2, distance = 1)
   between 'load' operation ('pixel_load_8', /home/student/ml634/2015/samples/platforms/zc702_hdmi/samples/simple_sobel/hw/img_filters.c:102) on local variable 'pixel' and 'store' operation (/home/student/ml634/2015/samples/platforms/zc702_hdmi/samples/simple_sobel/hw/img_filters.c:99) of variable 'pixel', /home/student/ml634/2015/samples/platforms/zc702_hdmi/samples/simple_sobel/hw/img_filters.c:99 on local variable 'pixel'.
@I [SCHED-61] Pipelining result: Target II: 1, Final II: 3, Depth: 7.
@I [SCHED-61] Pipelining loop 'Loop 4.2'.
@W [SCHED-69] Unable to schedule 'load' operation ('line_buffer_load_2', /home/student/ml634/2015/samples/platforms/zc702_hdmi/samples/simple_sobel/hw/img_filters.c:117) on array 'line_buffer' due to limited memory ports.
@I [SCHED-61] Pipelining result: Target II: 1, Final II: 4, Depth: 11.
@I [SCHED-61] Pipelining loop 'Loop 5'.
@I [SCHED-61] Pipelining result: Target II: 1, Final II: 1, Depth: 2.
@W [SCHED-71] Latency directive discarded for region img_process since it contains subloops.
@I [SCHED-11] Finished scheduling.
@I [HLS-111] Elapsed time: 0.47 seconds; current memory usage: 0.157 MB.
@I [HLS-10] ----------------------------------------------------------------
@I [HLS-10] -- Exploring micro-architecture for module 'img_process' 
@I [HLS-10] ----------------------------------------------------------------
@I [BIND-100] Starting micro-architecture generation ...
@I [BIND-101] Performing variable lifetime analysis.
@I [BIND-101] Exploring resource sharing.
@I [BIND-101] Binding ...
@I [BIND-100] Finished micro-architecture generation.
@I [HLS-111] Elapsed time: 0.11 seconds; current memory usage: 0.157 MB.
@I [HLS-10] ----------------------------------------------------------------
@I [HLS-10] -- Generating RTL for module 'img_process' 
@I [HLS-10] ----------------------------------------------------------------
@I [RTGEN-500] Setting interface mode on port 'img_process/rgb_data_in' to 'ap_fifo'.
@I [RTGEN-500] Setting interface mode on port 'img_process/rgb_data_out' to 'ap_fifo'.
@I [RTGEN-500] Setting interface mode on port 'img_process/isobelInvert' to 'ap_none'.
@I [RTGEN-500] Setting interface mode on port 'img_process/iminsobelSensitivity' to 'ap_none'.
@I [RTGEN-500] Setting interface mode on port 'img_process/imaxsobelSensitivity' to 'ap_none'.
@I [RTGEN-500] Setting interface mode on function 'img_process' to 'ap_ctrl_hs'.
@W [RTGEN-101] Global array 'line_buffer' will not be exposed as RTL port.
@I [RTGEN-100] Generating core module 'img_process_mac_muladd_6ns_8ns_9ns_13_3': 3 instance(s).
@I [RTGEN-100] Finished creating RTL model for 'img_process'.
@I [HLS-111] Elapsed time: 0.24 seconds; current memory usage: 0.157 MB.
@I [RTMG-278] Implementing memory 'img_process_line_buffer_ram' using block RAMs with power-on initialization.
@I [HLS-10] Finished generating all RTL models.
@I [WSYSC-301] Generating RTL SystemC for 'img_process'.
@I [WVHDL-304] Generating RTL VHDL for 'img_process'.
@I [WVLOG-307] Generating RTL Verilog for 'img_process'.
@I [IMPL-8] Exporting RTL as an IP in IP-XACT.
@I [HLS-112] Total elapsed time: 70.530 seconds; peak memory usage: 0.157 MB.
@I [LIC-101] Checked in feature [ap_sdsoc]
