(c) Copyright 2012-2015 Xilinx, Inc. All Rights Reserved.
#-----------------------------------------------------------
# Tool version  : sdscc 2015.2.1 20150925
# Start time    : Mon Nov 21 23:00:36 EST 2016
# Command line  : sdscc -Wall -O3 -I../hw -sds-pf /work/zhang/common/tools/xilinx/SDSoC/2015.2.1/bin/../samples/platforms/zc702_hdmi -c -fmessage-length=0 -MMD -MP -MFsrc/main_app.d -MTsrc/main_app.d -osrc/main_app.o ../src/main_app.c
# Log file      : /home/student/ml634/ece5775lab5/Release/_sds/reports/sds_main_app.log
# Journal file  : /home/student/ml634/ece5775lab5/Release/_sds/reports/sds_main_app.jou
# Report file   : /home/student/ml634/ece5775lab5/Release/_sds/reports/sds_main_app.rpt
#-----------------------------------------------------------

INFO: [SDSoC 0-0] Create data motion intermediate representation
clang_wrapper -target arm-xilinx-linux-gnueabi -mcpu=cortex-a9 -mfpu=vfp -O0 -g    -I /work/zhang/common/tools/xilinx/SDSoC/2015.2.1/bin/../samples/platforms/zc702_hdmi/arm-xilinx-linux-gnueabi/include  -I /work/zhang/common/tools/xilinx/SDSoC/2015.2.1/arm-xilinx-linux-gnueabi/include  -I /work/zhang/common/tools/xilinx/SDSoC/2015.2.1/Vivado_HLS/2015.2/include   -I/work/zhang/common/tools/xilinx/SDSoC/2015.2.1/SDK/2015.2/gnu/arm/lin/lib/gcc/arm-xilinx-linux-gnueabi/4.9.1/include  -I/work/zhang/common/tools/xilinx/SDSoC/2015.2.1/SDK/2015.2/gnu/arm/lin/lib/gcc/arm-xilinx-linux-gnueabi/4.9.1/include-fixed  -I/work/zhang/common/tools/xilinx/SDSoC/2015.2.1/SDK/2015.2/gnu/arm/lin/arm-xilinx-linux-gnueabi/include  -I/work/zhang/common/tools/xilinx/SDSoC/2015.2.1/SDK/2015.2/gnu/arm/lin/arm-xilinx-linux-gnueabi/libc/usr/include -I../hw -Wall -fmessage-length=0 -MMD -MP -D __SDSCC__ -emit-llvm -S /home/student/ml634/ece5775lab5/src/main_app.c -o /home/student/ml634/ece5775lab5/Release/_sds/.llvm/src/main_app.s
/work/zhang/common/tools/xilinx/SDSoC/2015.2.1/SDK/2015.2/gnu/arm/lin/arm-xilinx-linux-gnueabi/libc/usr/include/pthread.h:745:12: warning: declaration of built-in function '__sigsetjmp' requires inclusion of the header <setjmp.h> [-Wbuiltin-requires-header]
extern int __sigsetjmp (struct __jmp_buf_tag *__env, int __savemask) __THROWNL;
           ^
INFO: [SDSoC 0-0] Compiling /home/student/ml634/ece5775lab5/src/main_app.c
arm-xilinx-linux-gnueabi-gcc -c -I../hw -Wall -O3 -fmessage-length=0 -MMD -MP -D __SDSCC__ -MF/home/student/ml634/ece5775lab5/Release/src/main_app.d -MT/home/student/ml634/ece5775lab5/Release/src/main_app.d  -I /work/zhang/common/tools/xilinx/SDSoC/2015.2.1/bin/../samples/platforms/zc702_hdmi/arm-xilinx-linux-gnueabi/include  -I /work/zhang/common/tools/xilinx/SDSoC/2015.2.1/arm-xilinx-linux-gnueabi/include  -I /work/zhang/common/tools/xilinx/SDSoC/2015.2.1/Vivado_HLS/2015.2/include /home/student/ml634/ece5775lab5/src/main_app.c -o src/main_app.o
/home/student/ml634/ece5775lab5/src/main_app.c: In function 'thread_sw_sync':
/home/student/ml634/ece5775lab5/src/main_app.c:135:41: warning: variable 'accel_prev_index' set but not used [-Wunused-but-set-variable]
  int infrm_index = 2 ,outfrm_index = 0, accel_prev_index=0, accel_in_index = 1, accel_out_index = 1;
                                         ^
arm-xilinx-linux-gnueabi-objcopy --add-section .xdsdata=/home/student/ml634/ece5775lab5/Release/_sds/swstubs/main_app.o.xml src/main_app.o
sdscc log file saved as /home/student/ml634/ece5775lab5/Release/_sds/reports/sds_main_app.log
sdscc completed at Mon Nov 21 23:00:36 EST 2016
