

================================================================
== Vivado HLS Report for 'img_process'
================================================================
* Date:           Tue Nov  8 14:18:32 2016

* Version:        2015.2_hlssdsoc (Build 1277861 on Thu Jul 09 19:00:49 PM 2015)
* Project:        img_process
* Solution:       solution
* Product family: zynq
* Target device:  xc7z020clg484-1


================================================================
== Performance Estimates
================================================================
+ Timing (ns): 
    * Summary: 
    +--------+-------+----------+------------+
    |  Clock | Target| Estimated| Uncertainty|
    +--------+-------+----------+------------+
    |ap_clk  |   5.95|      5.05|        0.74|
    +--------+-------+----------+------------+

+ Latency (clock cycles): 
    * Summary: 
    +----------+----------+----------+----------+---------+
    |       Latency       |       Interval      | Pipeline|
    |    min   |    max   |    min   |    max   |   Type  |
    +----------+----------+----------+----------+---------+
    |  21687431|  21687431|  21687432|  21687432|   none  |
    +----------+----------+----------+----------+---------+

    + Detail: 
        * Instance: 
        N/A

        * Loop: 
        +-------------+----------+----------+----------+-----------+-----------+------+----------+
        |             |       Latency       | Iteration|  Initiation Interval  | Trip |          |
        |  Loop Name  |    min   |    max   |  Latency |  achieved |   target  | Count| Pipelined|
        +-------------+----------+----------+----------+-----------+-----------+------+----------+
        |- Loop 1     |      6147|      6147|         7|          3|          1|  2048|    yes   |
        |- Loop 2     |      6147|      6147|         7|          3|          1|  2048|    yes   |
        |- Loop 3     |      2048|      2048|         2|          1|          1|  2048|    yes   |
        |- Loop 4     |  21671034|  21671034|     20103|          -|          -|  1078|    no    |
        | + Loop 4.1  |      6147|      6147|         7|          3|          1|  2048|    yes   |
        | + Loop 4.2  |      8190|      8190|        11|          4|          1|  2046|    yes   |
        | + Loop 4.3  |      5760|      5760|         3|          -|          -|  1920|    no    |
        |- Loop 5     |      2048|      2048|         2|          1|          1|  2048|    yes   |
        +-------------+----------+----------+----------+-----------+-----------+------+----------+



================================================================
== Utilization Estimates
================================================================
* Summary: 
+-----------------+---------+-------+--------+-------+
|       Name      | BRAM_18K| DSP48E|   FF   |  LUT  |
+-----------------+---------+-------+--------+-------+
|Expression       |        -|      -|       0|    512|
|FIFO             |        -|      -|       -|      -|
|Instance         |        -|      3|       -|      -|
|Memory           |        4|      -|       0|      0|
|Multiplexer      |        -|      -|       -|    282|
|Register         |        -|      -|     581|      1|
+-----------------+---------+-------+--------+-------+
|Total            |        4|      3|     581|    795|
+-----------------+---------+-------+--------+-------+
|Available        |      280|    220|  106400|  53200|
+-----------------+---------+-------+--------+-------+
|Utilization (%)  |        1|      1|   ~0   |      1|
+-----------------+---------+-------+--------+-------+

+ Detail: 
    * Instance: 
    +--------------------------------------------+-----------------------------------------+---------+-------+---+----+
    |                  Instance                  |                  Module                 | BRAM_18K| DSP48E| FF| LUT|
    +--------------------------------------------+-----------------------------------------+---------+-------+---+----+
    |img_process_mac_muladd_6ns_8ns_9ns_13_3_U1  |img_process_mac_muladd_6ns_8ns_9ns_13_3  |        0|      1|  0|   0|
    |img_process_mac_muladd_6ns_8ns_9ns_13_3_U2  |img_process_mac_muladd_6ns_8ns_9ns_13_3  |        0|      1|  0|   0|
    |img_process_mac_muladd_6ns_8ns_9ns_13_3_U3  |img_process_mac_muladd_6ns_8ns_9ns_13_3  |        0|      1|  0|   0|
    +--------------------------------------------+-----------------------------------------+---------+-------+---+----+
    |Total                                       |                                         |        0|      3|  0|   0|
    +--------------------------------------------+-----------------------------------------+---------+-------+---+----+

    * Memory: 
    +---------------+-------------------------+---------+---+----+------+-----+------+-------------+
    |     Memory    |          Module         | BRAM_18K| FF| LUT| Words| Bits| Banks| W*Bits*Banks|
    +---------------+-------------------------+---------+---+----+------+-----+------+-------------+
    |line_buffer_U  |img_process_line_buffer  |        4|  0|   0|  6144|    8|     1|        49152|
    +---------------+-------------------------+---------+---+----+------+-----+------+-------------+
    |Total          |                         |        4|  0|   0|  6144|    8|     1|        49152|
    +---------------+-------------------------+---------+---+----+------+-----+------+-------------+

    * FIFO: 
    N/A

    * Expression: 
    +-----------------------------+----------+-------+---+----+------------+------------+
    |        Variable Name        | Operation| DSP48E| FF| LUT| Bitwidth P0| Bitwidth P1|
    +-----------------------------+----------+-------+---+----+------------+------------+
    |edge_weight_fu_1104_p2       |     +    |      0|  0|  12|          12|          12|
    |p_23_rec_fu_838_p2           |     +    |      0|  0|  11|          11|           1|
    |p_rec3_fu_684_p2             |     +    |      0|  0|  12|          12|           1|
    |p_rec_fu_1233_p2             |     +    |      0|  0|  12|          12|           1|
    |pix_i_1_fu_1216_p2           |     +    |      0|  0|  11|          11|           1|
    |pix_j_2_fu_449_p2            |     +    |      0|  0|  12|          12|           1|
    |pix_j_6_fu_564_p2            |     +    |      0|  0|  12|          12|           1|
    |pix_j_7_fu_715_p2            |     +    |      0|  0|  12|          12|           1|
    |pix_j_8_fu_1184_p2           |     +    |      0|  0|  11|          11|           1|
    |pix_j_9_fu_855_p2            |     +    |      0|  0|  11|           1|          11|
    |tmp10_fu_643_p2              |     +    |      0|  0|   4|          16|          16|
    |tmp11_fu_618_p2              |     +    |      0|  0|   9|           8|           9|
    |tmp14_fu_757_p2              |     +    |      0|  0|  15|          15|          15|
    |tmp15_fu_788_p2              |     +    |      0|  0|   4|          16|          16|
    |tmp16_fu_763_p2              |     +    |      0|  0|   9|           8|           9|
    |tmp5_fu_612_p2               |     +    |      0|  0|  15|          15|          15|
    |tmp6_fu_491_p2               |     +    |      0|  0|  15|          15|          15|
    |tmp7_fu_522_p2               |     +    |      0|  0|   4|          16|          16|
    |tmp8_fu_497_p2               |     +    |      0|  0|   9|           8|           9|
    |tmp_12_fu_844_p2             |     +    |      0|  0|  11|           2|          11|
    |tmp_19_fu_957_p2             |     +    |      0|  0|  11|          11|          11|
    |tmp_21_fu_981_p2             |     +    |      0|  0|   9|           9|           9|
    |tmp_8_i1_fu_652_p2           |     +    |      0|  0|   4|          16|          16|
    |tmp_8_i2_fu_797_p2           |     +    |      0|  0|   4|          16|          16|
    |tmp_8_i_fu_531_p2            |     +    |      0|  0|   4|          16|          16|
    |x_weight_fu_1008_p2          |     +    |      0|  0|   4|          11|          11|
    |y_1_fu_668_p2                |     +    |      0|  0|   8|           5|           8|
    |y_2_fu_813_p2                |     +    |      0|  0|   8|           5|           8|
    |y_fu_547_p2                  |     +    |      0|  0|   8|           5|           8|
    |y_weight_fu_1057_p2          |     +    |      0|  0|  11|          11|          11|
    |tmp2_fu_1022_p2              |     -    |      0|  0|   9|           9|           9|
    |tmp_18_fu_947_p2             |     -    |      0|  0|   9|           9|           9|
    |tmp_20_fu_1003_p2            |     -    |      0|  0|   4|          11|          11|
    |tmp_22_fu_1031_p2            |     -    |      0|  0|   4|          10|          10|
    |tmp_24_fu_1037_p2            |     -    |      0|  0|   4|          10|          10|
    |tmp_26_fu_1068_p2            |     -    |      0|  0|  11|           1|          11|
    |tmp_28_fu_1089_p2            |     -    |      0|  0|  11|           1|          11|
    |tmp_fu_910_p2                |     -    |      0|  0|   9|           9|           9|
    |edge_val1_fu_1124_p3         |  Select  |      0|  0|   8|           1|           8|
    |edge_val_2_fu_1156_p3        |  Select  |      0|  0|   8|           1|           8|
    |p_edge_val_fu_1145_p3        |  Select  |      0|  0|   2|           1|           2|
    |tmp_9_cast_fu_695_p3         |  Select  |      0|  0|   2|           1|           2|
    |x_weight_1_fu_1073_p3        |  Select  |      0|  0|  11|           1|          11|
    |y_weight_1_fu_1094_p3        |  Select  |      0|  0|  11|           1|          11|
    |ap_sig_bdd_214               |    and   |      0|  0|   1|           1|           1|
    |ap_sig_bdd_257               |    and   |      0|  0|   1|           1|           1|
    |ap_sig_bdd_282               |    and   |      0|  0|   1|           1|           1|
    |ap_sig_bdd_336               |    and   |      0|  0|   1|           1|           1|
    |ap_sig_bdd_387               |    and   |      0|  0|   1|           1|           1|
    |ap_sig_bdd_468               |    and   |      0|  0|   1|           1|           1|
    |exitcond1_fu_558_p2          |   icmp   |      0|  0|   5|          12|          13|
    |exitcond2_fu_678_p2          |   icmp   |      0|  0|   5|          12|          13|
    |exitcond3_fu_703_p2          |   icmp   |      0|  0|   4|          11|          11|
    |exitcond4_fu_709_p2          |   icmp   |      0|  0|   5|          12|          13|
    |exitcond5_fu_1178_p2         |   icmp   |      0|  0|   4|          11|           9|
    |exitcond6_fu_832_p2          |   icmp   |      0|  0|   4|          11|           3|
    |exitcond8_fu_1227_p2         |   icmp   |      0|  0|   5|          12|          13|
    |exitcond_fu_443_p2           |   icmp   |      0|  0|   5|          12|          13|
    |not_tmp_8_fu_690_p2          |   icmp   |      0|  0|  11|          32|           1|
    |tmp_25_fu_1063_p2            |   icmp   |      0|  0|   4|          11|           1|
    |tmp_27_fu_1080_p2            |   icmp   |      0|  0|   4|          11|           1|
    |tmp_29_fu_1114_p2            |   icmp   |      0|  0|   5|          12|           8|
    |tmp_32_fu_1135_p2            |   icmp   |      0|  0|  11|          32|          32|
    |tmp_33_fu_1140_p2            |   icmp   |      0|  0|  11|          32|          32|
    |tmp_34_fu_1152_p2            |    or    |      0|  0|   1|           1|           1|
    |edge_val_1_fu_1163_p2        |    xor   |      0|  0|   8|           8|           8|
    |edge_val_fu_1119_p2          |    xor   |      0|  0|   8|           8|           2|
    |line_buffer_addr1_fu_570_p2  |    xor   |      0|  0|  16|          12|          13|
    +-----------------------------+----------+-------+---+----+------------+------------+
    |Total                        |          |      0|  0| 512|         654|         591|
    +-----------------------------+----------+-------+---+----+------------+------------+

    * Multiplexer: 
    +---------------------------+----+-----------+-----+-----------+
    |            Name           | LUT| Input Size| Bits| Total Bits|
    +---------------------------+----+-----------+-----+-----------+
    |ap_NS_fsm                  |  21|         25|    1|         25|
    |ap_reg_ppiten_pp0_it2      |   1|          2|    1|          2|
    |ap_reg_ppiten_pp1_it2      |   1|          2|    1|          2|
    |ap_reg_ppiten_pp3_it2      |   1|          2|    1|          2|
    |ap_reg_ppiten_pp4_it2      |   1|          2|    1|          2|
    |line_buffer_address0       |  26|         10|   13|        130|
    |line_buffer_address1       |  13|          7|   13|         91|
    |line_buffer_d0             |   8|          5|    8|         40|
    |p_01_rec_reg_318           |  12|          2|   12|         24|
    |p_12_pn_rec_phi_fu_369_p4  |  11|          2|   11|         22|
    |p_12_pn_rec_reg_365        |  11|          2|   11|         22|
    |p_34_rec_reg_388           |  12|          2|   12|         24|
    |pix_i_reg_329              |  11|          2|   11|         22|
    |pix_j_1_phi_fu_311_p4      |  12|          2|   12|         24|
    |pix_j_1_reg_307            |  12|          2|   12|         24|
    |pix_j_3_phi_fu_345_p4      |  12|          2|   12|         24|
    |pix_j_3_reg_341            |  12|          2|   12|         24|
    |pix_j_4_phi_fu_357_p4      |  11|          2|   11|         22|
    |pix_j_4_reg_353            |  11|          2|   11|         22|
    |pix_j_5_reg_376            |  11|          2|   11|         22|
    |pix_j_phi_fu_299_p4        |  12|          2|   12|         24|
    |pix_j_reg_295              |  12|          2|   12|         24|
    |reg_431                    |   8|          2|    8|         16|
    |reg_437                    |   8|          2|    8|         16|
    |rgb_data_out_din           |  32|          3|   32|         96|
    +---------------------------+----+-----------+-----+-----------+
    |Total                      | 282|         90|  249|        746|
    +---------------------------+----+-----------+-----+-----------+

    * Register: 
    +-------------------------------------------------+----+----+-----+-----------+
    |                       Name                      | FF | LUT| Bits| Const Bits|
    +-------------------------------------------------+----+----+-----+-----------+
    |ap_CS_fsm                                        |  24|   0|   24|          0|
    |ap_reg_ppiten_pp0_it0                            |   1|   0|    1|          0|
    |ap_reg_ppiten_pp0_it1                            |   1|   0|    1|          0|
    |ap_reg_ppiten_pp0_it2                            |   1|   0|    1|          0|
    |ap_reg_ppiten_pp1_it0                            |   1|   0|    1|          0|
    |ap_reg_ppiten_pp1_it1                            |   1|   0|    1|          0|
    |ap_reg_ppiten_pp1_it2                            |   1|   0|    1|          0|
    |ap_reg_ppiten_pp2_it0                            |   1|   0|    1|          0|
    |ap_reg_ppiten_pp2_it1                            |   1|   0|    1|          0|
    |ap_reg_ppiten_pp3_it0                            |   1|   0|    1|          0|
    |ap_reg_ppiten_pp3_it1                            |   1|   0|    1|          0|
    |ap_reg_ppiten_pp3_it2                            |   1|   0|    1|          0|
    |ap_reg_ppiten_pp4_it0                            |   1|   0|    1|          0|
    |ap_reg_ppiten_pp4_it1                            |   1|   0|    1|          0|
    |ap_reg_ppiten_pp4_it2                            |   1|   0|    1|          0|
    |ap_reg_ppiten_pp5_it0                            |   1|   0|    1|          0|
    |ap_reg_ppiten_pp5_it1                            |   1|   0|    1|          0|
    |ap_reg_ppstg_exitcond1_reg_1313_pp1_it1          |   1|   0|    1|          0|
    |ap_reg_ppstg_exitcond4_reg_1365_pp3_it1          |   1|   0|    1|          0|
    |ap_reg_ppstg_exitcond_reg_1284_pp0_it1           |   1|   0|    1|          0|
    |ap_reg_ppstg_line_buffer_addr1_reg_1322_pp1_it1  |  12|   0|   12|          0|
    |ap_reg_ppstg_pix_j_3_reg_341_pp3_it1             |  12|   0|   12|          0|
    |ap_reg_ppstg_pix_j_reg_295_pp0_it1               |  12|   0|   12|          0|
    |edge_val1_reg_1514                               |   8|   0|    8|          0|
    |edge_val_1_reg_1531                              |   8|   0|    8|          0|
    |edge_weight_reg_1504                             |  12|   0|   12|          0|
    |exitcond1_reg_1313                               |   1|   0|    1|          0|
    |exitcond2_reg_1347                               |   1|   0|    1|          0|
    |exitcond4_reg_1365                               |   1|   0|    1|          0|
    |exitcond6_reg_1394                               |   1|   0|    1|          0|
    |exitcond8_reg_1562                               |   1|   0|    1|          0|
    |exitcond_reg_1284                                |   1|   0|    1|          0|
    |line_buffer_addr1_reg_1322                       |  12|   0|   12|          0|
    |line_buffer_addr_11_reg_1546                     |  11|   0|   13|          2|
    |p_01_rec_reg_318                                 |  12|   0|   12|          0|
    |p_12_pn_rec_reg_365                              |  11|   0|   11|          0|
    |p_23_rec_reg_1398                                |  11|   0|   11|          0|
    |p_34_rec_reg_388                                 |  12|   0|   12|          0|
    |pix_i_reg_329                                    |  11|   0|   11|          0|
    |pix_j_1_reg_307                                  |  12|   0|   12|          0|
    |pix_j_2_reg_1288                                 |  12|   0|   12|          0|
    |pix_j_3_reg_341                                  |  12|   0|   12|          0|
    |pix_j_4_reg_353                                  |  11|   0|   11|          0|
    |pix_j_5_reg_376                                  |  11|   0|   11|          0|
    |pix_j_6_reg_1317                                 |  12|   0|   12|          0|
    |pix_j_7_reg_1369                                 |  12|   0|   12|          0|
    |pix_j_8_reg_1541                                 |  11|   0|   11|          0|
    |pix_j_9_reg_1414                                 |  11|   0|   11|          0|
    |pix_j_reg_295                                    |  12|   0|   12|          0|
    |pixel_fu_140                                     |  32|   0|   32|          0|
    |reg_427                                          |   8|   0|    8|          0|
    |reg_431                                          |   8|   0|    8|          0|
    |reg_437                                          |   8|   0|    8|          0|
    |tmp12_reg_1337                                   |  13|   0|   13|          0|
    |tmp14_reg_1379                                   |  14|   0|   15|          1|
    |tmp17_reg_1384                                   |  13|   0|   13|          0|
    |tmp2_reg_1478                                    |   9|   0|    9|          0|
    |tmp5_reg_1332                                    |  14|   0|   15|          1|
    |tmp6_reg_1298                                    |  14|   0|   15|          1|
    |tmp9_reg_1303                                    |  13|   0|   13|          0|
    |tmp_12_reg_1403                                  |  11|   0|   11|          0|
    |tmp_19_reg_1451                                  |  11|   0|   11|          0|
    |tmp_21_reg_1466                                  |   9|   0|    9|          0|
    |tmp_24_reg_1483                                  |  10|   0|   10|          0|
    |tmp_27_reg_1499                                  |   1|   0|    1|          0|
    |tmp_32_reg_1520                                  |   1|   0|    1|          0|
    |tmp_33_reg_1526                                  |   1|   0|    1|          0|
    |tmp_39_reg_1509                                  |   8|   0|    8|          0|
    |tmp_9_cast_reg_1356                              |   8|   0|    8|          0|
    |tmp_i1_reg_1342                                  |   8|   0|    8|          0|
    |tmp_i2_reg_1389                                  |   8|   0|    8|          0|
    |tmp_i_reg_1308                                   |   8|   0|    8|          0|
    |tmp_reg_1441                                     |   9|   0|    9|          0|
    |x_weight_1_reg_1494                              |  11|   0|   11|          0|
    |x_weight_reg_1471                                |  11|   0|   11|          0|
    |y_weight_reg_1488                                |  11|   0|   11|          0|
    |exitcond6_reg_1394                               |   0|   1|    1|          0|
    +-------------------------------------------------+----+----+-----+-----------+
    |Total                                            | 581|   1|  587|          5|
    +-------------------------------------------------+----+----+-----+-----------+



================================================================
== Interface
================================================================
* Summary: 
+----------------------+-----+-----+------------+----------------------+--------------+
|       RTL Ports      | Dir | Bits|  Protocol  |     Source Object    |    C Type    |
+----------------------+-----+-----+------------+----------------------+--------------+
|ap_clk                |  in |    1| ap_ctrl_hs |      img_process     | return value |
|ap_rst_n              |  in |    1| ap_ctrl_hs |      img_process     | return value |
|ap_start              |  in |    1| ap_ctrl_hs |      img_process     | return value |
|ap_done               | out |    1| ap_ctrl_hs |      img_process     | return value |
|ap_idle               | out |    1| ap_ctrl_hs |      img_process     | return value |
|ap_ready              | out |    1| ap_ctrl_hs |      img_process     | return value |
|rgb_data_in_dout      |  in |   32|   ap_fifo  |      rgb_data_in     |    pointer   |
|rgb_data_in_empty_n   |  in |    1|   ap_fifo  |      rgb_data_in     |    pointer   |
|rgb_data_in_read      | out |    1|   ap_fifo  |      rgb_data_in     |    pointer   |
|rgb_data_out_din      | out |   32|   ap_fifo  |     rgb_data_out     |    pointer   |
|rgb_data_out_full_n   |  in |    1|   ap_fifo  |     rgb_data_out     |    pointer   |
|rgb_data_out_write    | out |    1|   ap_fifo  |     rgb_data_out     |    pointer   |
|isobelInvert          |  in |   32|   ap_none  |     isobelInvert     |    scalar    |
|iminsobelSensitivity  |  in |   32|   ap_none  | iminsobelSensitivity |    scalar    |
|imaxsobelSensitivity  |  in |   32|   ap_none  | imaxsobelSensitivity |    scalar    |
+----------------------+-----+-----+------------+----------------------+--------------+

