==============================================================
File generated by Vivado(TM) HLS - High-Level Synthesis from C, C++ and SystemC
Version: 2016.1
Copyright (C) 1986-2016 Xilinx, Inc. All Rights Reserved.

==============================================================

@I [HLS-10] Setting target device to ' xc7z020clg484-1 '
@I [SYN-201] Setting up clock 'default' with a period of 8.5ns.
@I [HLS-10] Analyzing design file '/home/student/ml634/2015/samples/mmult/mmult.cpp' ... 
@I [HLS-10] Validating synthesis directives ...
@I [HLS-10] Starting code transformations ...
@E [SYNCHK-79] Cannot find the top function 'mmult' in the design. Possible causes are: (1) the top function name is misspelled; (2) the top function is nonexistent or declared as static.
@E [HLS-70] Synthesizability check failed.
@I [HLS-111] Elapsed time: 0.93 seconds; current memory usage: 0.19 MB.
command 'ap_source' returned error code
    while executing
"source /home/student/ml634/2015/samples/mmult/_sds/vhls/mmult_run.tcl"
    invoked from within
"hls::main /home/student/ml634/2015/samples/mmult/_sds/vhls/mmult_run.tcl"
    ("uplevel" body line 1)
    invoked from within
"uplevel 1 hls::main {*}$args"
    (procedure "hls_proc" line 5)
    invoked from within
"hls_proc $argv"
@I [HLS-112] Total elapsed time: 2.833 seconds; peak memory usage: 0.19 MB.
