(c) Copyright 2012-2015 Xilinx, Inc. All Rights Reserved.
#-----------------------------------------------------------
# Tool version  : sds++ 2015.2.1 20150925
# Start time    : Tue Nov 08 14:19:32 EST 2016
# Command line  : sds++ -osobel_cmd.elf -lpthread -lzc702hdmi ./src/main_app.o ./hw/img_filters.o -sds-pf /work/zhang/common/tools/xilinx/SDSoC/2015.2.1/bin/../samples/platforms/zc702_hdmi -sds-hw img_process img_filters.c -clkid 1 -sds-end -dmclkid 1
# Log file      : /home/student/ml634/2015/samples/platforms/zc702_hdmi/samples/simple_sobel/Release/_sds/reports/sds.log
# Journal file  : /home/student/ml634/2015/samples/platforms/zc702_hdmi/samples/simple_sobel/Release/_sds/reports/sds.jou
# Report file   : /home/student/ml634/2015/samples/platforms/zc702_hdmi/samples/simple_sobel/Release/_sds/reports/sds.rpt
#-----------------------------------------------------------

Libraries: pthread zc702hdmi
Library Paths /work/zhang/common/tools/xilinx/SDSoC/2015.2.1/bin/../samples/platforms/zc702_hdmi/arm-xilinx-linux-gnueabi/lib
Searching for static library libpthread.a
Searching for static library libzc702hdmi.a
Library libzc702hdmi.a found in /work/zhang/common/tools/xilinx/SDSoC/2015.2.1/bin/../samples/platforms/zc702_hdmi/arm-xilinx-linux-gnueabi/lib/libzc702hdmi.a
arm-xilinx-linux-gnueabi-ar t /work/zhang/common/tools/xilinx/SDSoC/2015.2.1/bin/../samples/platforms/zc702_hdmi/arm-xilinx-linux-gnueabi/lib/libzc702hdmi.a
Library objects: cvc.o
fru.o
fru_handler.o
gpio_utils.o
uCreSample.o
uTpg.o
uVtc.o
uYuv2rgb.o
udriver.o
uio_common.o
hwi.o
arm-xilinx-linux-gnueabi-ar xov /work/zhang/common/tools/xilinx/SDSoC/2015.2.1/bin/../samples/platforms/zc702_hdmi/arm-xilinx-linux-gnueabi/lib/libzc702hdmi.a
x - cvc.o
x - fru.o
x - fru_handler.o
x - gpio_utils.o
x - uCreSample.o
x - uTpg.o
x - uVtc.o
x - uYuv2rgb.o
x - udriver.o
x - uio_common.o
x - hwi.o
arm-xilinx-linux-gnueabi-objcopy -O binary --set-section-flags .xdinfo=alloc --only-section=.xdinfo /home/student/ml634/2015/samples/platforms/zc702_hdmi/samples/simple_sobel/Release/_sds/.libs/zc702hdmi/cvc.o /home/student/ml634/2015/samples/platforms/zc702_hdmi/samples/simple_sobel/Release/_sds/.data/xdinfo.xml
arm-xilinx-linux-gnueabi-objcopy -O binary --set-section-flags .xddata=alloc --only-section=.xddata /home/student/ml634/2015/samples/platforms/zc702_hdmi/samples/simple_sobel/Release/_sds/.libs/zc702hdmi/cvc.o /home/student/ml634/2015/samples/platforms/zc702_hdmi/samples/simple_sobel/Release/_sds/.data/xddata.xml
arm-xilinx-linux-gnueabi-objcopy -O binary --set-section-flags .xdinfo=alloc --only-section=.xdinfo /home/student/ml634/2015/samples/platforms/zc702_hdmi/samples/simple_sobel/Release/_sds/.libs/zc702hdmi/fru.o /home/student/ml634/2015/samples/platforms/zc702_hdmi/samples/simple_sobel/Release/_sds/.data/xdinfo.xml
arm-xilinx-linux-gnueabi-objcopy -O binary --set-section-flags .xddata=alloc --only-section=.xddata /home/student/ml634/2015/samples/platforms/zc702_hdmi/samples/simple_sobel/Release/_sds/.libs/zc702hdmi/fru.o /home/student/ml634/2015/samples/platforms/zc702_hdmi/samples/simple_sobel/Release/_sds/.data/xddata.xml
arm-xilinx-linux-gnueabi-objcopy -O binary --set-section-flags .xdinfo=alloc --only-section=.xdinfo /home/student/ml634/2015/samples/platforms/zc702_hdmi/samples/simple_sobel/Release/_sds/.libs/zc702hdmi/fru_handler.o /home/student/ml634/2015/samples/platforms/zc702_hdmi/samples/simple_sobel/Release/_sds/.data/xdinfo.xml
arm-xilinx-linux-gnueabi-objcopy -O binary --set-section-flags .xddata=alloc --only-section=.xddata /home/student/ml634/2015/samples/platforms/zc702_hdmi/samples/simple_sobel/Release/_sds/.libs/zc702hdmi/fru_handler.o /home/student/ml634/2015/samples/platforms/zc702_hdmi/samples/simple_sobel/Release/_sds/.data/xddata.xml
arm-xilinx-linux-gnueabi-objcopy -O binary --set-section-flags .xdinfo=alloc --only-section=.xdinfo /home/student/ml634/2015/samples/platforms/zc702_hdmi/samples/simple_sobel/Release/_sds/.libs/zc702hdmi/gpio_utils.o /home/student/ml634/2015/samples/platforms/zc702_hdmi/samples/simple_sobel/Release/_sds/.data/xdinfo.xml
arm-xilinx-linux-gnueabi-objcopy -O binary --set-section-flags .xddata=alloc --only-section=.xddata /home/student/ml634/2015/samples/platforms/zc702_hdmi/samples/simple_sobel/Release/_sds/.libs/zc702hdmi/gpio_utils.o /home/student/ml634/2015/samples/platforms/zc702_hdmi/samples/simple_sobel/Release/_sds/.data/xddata.xml
arm-xilinx-linux-gnueabi-objcopy -O binary --set-section-flags .xdinfo=alloc --only-section=.xdinfo /home/student/ml634/2015/samples/platforms/zc702_hdmi/samples/simple_sobel/Release/_sds/.libs/zc702hdmi/uCreSample.o /home/student/ml634/2015/samples/platforms/zc702_hdmi/samples/simple_sobel/Release/_sds/.data/xdinfo.xml
arm-xilinx-linux-gnueabi-objcopy -O binary --set-section-flags .xddata=alloc --only-section=.xddata /home/student/ml634/2015/samples/platforms/zc702_hdmi/samples/simple_sobel/Release/_sds/.libs/zc702hdmi/uCreSample.o /home/student/ml634/2015/samples/platforms/zc702_hdmi/samples/simple_sobel/Release/_sds/.data/xddata.xml
arm-xilinx-linux-gnueabi-objcopy -O binary --set-section-flags .xdinfo=alloc --only-section=.xdinfo /home/student/ml634/2015/samples/platforms/zc702_hdmi/samples/simple_sobel/Release/_sds/.libs/zc702hdmi/uTpg.o /home/student/ml634/2015/samples/platforms/zc702_hdmi/samples/simple_sobel/Release/_sds/.data/xdinfo.xml
arm-xilinx-linux-gnueabi-objcopy -O binary --set-section-flags .xddata=alloc --only-section=.xddata /home/student/ml634/2015/samples/platforms/zc702_hdmi/samples/simple_sobel/Release/_sds/.libs/zc702hdmi/uTpg.o /home/student/ml634/2015/samples/platforms/zc702_hdmi/samples/simple_sobel/Release/_sds/.data/xddata.xml
arm-xilinx-linux-gnueabi-objcopy -O binary --set-section-flags .xdinfo=alloc --only-section=.xdinfo /home/student/ml634/2015/samples/platforms/zc702_hdmi/samples/simple_sobel/Release/_sds/.libs/zc702hdmi/uVtc.o /home/student/ml634/2015/samples/platforms/zc702_hdmi/samples/simple_sobel/Release/_sds/.data/xdinfo.xml
arm-xilinx-linux-gnueabi-objcopy -O binary --set-section-flags .xddata=alloc --only-section=.xddata /home/student/ml634/2015/samples/platforms/zc702_hdmi/samples/simple_sobel/Release/_sds/.libs/zc702hdmi/uVtc.o /home/student/ml634/2015/samples/platforms/zc702_hdmi/samples/simple_sobel/Release/_sds/.data/xddata.xml
arm-xilinx-linux-gnueabi-objcopy -O binary --set-section-flags .xdinfo=alloc --only-section=.xdinfo /home/student/ml634/2015/samples/platforms/zc702_hdmi/samples/simple_sobel/Release/_sds/.libs/zc702hdmi/uYuv2rgb.o /home/student/ml634/2015/samples/platforms/zc702_hdmi/samples/simple_sobel/Release/_sds/.data/xdinfo.xml
arm-xilinx-linux-gnueabi-objcopy -O binary --set-section-flags .xddata=alloc --only-section=.xddata /home/student/ml634/2015/samples/platforms/zc702_hdmi/samples/simple_sobel/Release/_sds/.libs/zc702hdmi/uYuv2rgb.o /home/student/ml634/2015/samples/platforms/zc702_hdmi/samples/simple_sobel/Release/_sds/.data/xddata.xml
arm-xilinx-linux-gnueabi-objcopy -O binary --set-section-flags .xdinfo=alloc --only-section=.xdinfo /home/student/ml634/2015/samples/platforms/zc702_hdmi/samples/simple_sobel/Release/_sds/.libs/zc702hdmi/udriver.o /home/student/ml634/2015/samples/platforms/zc702_hdmi/samples/simple_sobel/Release/_sds/.data/xdinfo.xml
arm-xilinx-linux-gnueabi-objcopy -O binary --set-section-flags .xddata=alloc --only-section=.xddata /home/student/ml634/2015/samples/platforms/zc702_hdmi/samples/simple_sobel/Release/_sds/.libs/zc702hdmi/udriver.o /home/student/ml634/2015/samples/platforms/zc702_hdmi/samples/simple_sobel/Release/_sds/.data/xddata.xml
arm-xilinx-linux-gnueabi-objcopy -O binary --set-section-flags .xdinfo=alloc --only-section=.xdinfo /home/student/ml634/2015/samples/platforms/zc702_hdmi/samples/simple_sobel/Release/_sds/.libs/zc702hdmi/uio_common.o /home/student/ml634/2015/samples/platforms/zc702_hdmi/samples/simple_sobel/Release/_sds/.data/xdinfo.xml
arm-xilinx-linux-gnueabi-objcopy -O binary --set-section-flags .xddata=alloc --only-section=.xddata /home/student/ml634/2015/samples/platforms/zc702_hdmi/samples/simple_sobel/Release/_sds/.libs/zc702hdmi/uio_common.o /home/student/ml634/2015/samples/platforms/zc702_hdmi/samples/simple_sobel/Release/_sds/.data/xddata.xml
arm-xilinx-linux-gnueabi-objcopy -O binary --set-section-flags .xdinfo=alloc --only-section=.xdinfo /home/student/ml634/2015/samples/platforms/zc702_hdmi/samples/simple_sobel/Release/_sds/.libs/zc702hdmi/hwi.o /home/student/ml634/2015/samples/platforms/zc702_hdmi/samples/simple_sobel/Release/_sds/.data/xdinfo.xml
arm-xilinx-linux-gnueabi-objcopy -O binary --set-section-flags .xddata=alloc --only-section=.xddata /home/student/ml634/2015/samples/platforms/zc702_hdmi/samples/simple_sobel/Release/_sds/.libs/zc702hdmi/hwi.o /home/student/ml634/2015/samples/platforms/zc702_hdmi/samples/simple_sobel/Release/_sds/.data/xddata.xml
INFO: [SDSoC 0-0] Analyzing object files
arm-xilinx-linux-gnueabi-objcopy -O binary --set-section-flags .xdinfo=alloc --only-section=.xdinfo /home/student/ml634/2015/samples/platforms/zc702_hdmi/samples/simple_sobel/Release/src/main_app.o /home/student/ml634/2015/samples/platforms/zc702_hdmi/samples/simple_sobel/Release/_sds/.data/xdinfo.xml
arm-xilinx-linux-gnueabi-objcopy -O binary --set-section-flags .xddata=alloc --only-section=.xddata /home/student/ml634/2015/samples/platforms/zc702_hdmi/samples/simple_sobel/Release/src/main_app.o /home/student/ml634/2015/samples/platforms/zc702_hdmi/samples/simple_sobel/Release/_sds/.data/xddata.xml
arm-xilinx-linux-gnueabi-objcopy -O binary --set-section-flags .xdinfo=alloc --only-section=.xdinfo /home/student/ml634/2015/samples/platforms/zc702_hdmi/samples/simple_sobel/Release/hw/img_filters.o /home/student/ml634/2015/samples/platforms/zc702_hdmi/samples/simple_sobel/Release/_sds/.data/xdinfo.xml
arm-xilinx-linux-gnueabi-objcopy -O binary --set-section-flags .xddata=alloc --only-section=.xddata /home/student/ml634/2015/samples/platforms/zc702_hdmi/samples/simple_sobel/Release/hw/img_filters.o /home/student/ml634/2015/samples/platforms/zc702_hdmi/samples/simple_sobel/Release/_sds/.data/img_process.xml
arm-xilinx-linux-gnueabi-objcopy -O binary --set-section-flags .xdpp=alloc --only-section=.xdpp /home/student/ml634/2015/samples/platforms/zc702_hdmi/samples/simple_sobel/Release/hw/img_filters.o /home/student/ml634/2015/samples/platforms/zc702_hdmi/samples/simple_sobel/Release/_sds/.pp/img_filters.i
arm-xilinx-linux-gnueabi-objcopy -O binary --set-section-flags .xdfcnmap=alloc --only-section=.xdfcnmap /home/student/ml634/2015/samples/platforms/zc702_hdmi/samples/simple_sobel/Release/hw/img_filters.o /home/student/ml634/2015/samples/platforms/zc702_hdmi/samples/simple_sobel/Release/_sds/.cdb/img_process.fcnmap.xml
arm-xilinx-linux-gnueabi-objcopy -O binary --set-section-flags .xdhlscore=alloc --only-section=.xdhlscore /home/student/ml634/2015/samples/platforms/zc702_hdmi/samples/simple_sobel/Release/hw/img_filters.o /home/student/ml634/2015/samples/platforms/zc702_hdmi/samples/simple_sobel/Release/_sds/iprepo/repo/xilinx_com_hls_img_process_1_0/xilinx_com_hls_img_process_1_0.zip
unzip -u -o /home/student/ml634/2015/samples/platforms/zc702_hdmi/samples/simple_sobel/Release/_sds/iprepo/repo/xilinx_com_hls_img_process_1_0/xilinx_com_hls_img_process_1_0.zip -d /home/student/ml634/2015/samples/platforms/zc702_hdmi/samples/simple_sobel/Release/_sds/iprepo/repo/xilinx_com_hls_img_process_1_0
Archive:  /home/student/ml634/2015/samples/platforms/zc702_hdmi/samples/simple_sobel/Release/_sds/iprepo/repo/xilinx_com_hls_img_process_1_0/xilinx_com_hls_img_process_1_0.zip
  inflating: /home/student/ml634/2015/samples/platforms/zc702_hdmi/samples/simple_sobel/Release/_sds/iprepo/repo/xilinx_com_hls_img_process_1_0/component.xml  
  inflating: /home/student/ml634/2015/samples/platforms/zc702_hdmi/samples/simple_sobel/Release/_sds/iprepo/repo/xilinx_com_hls_img_process_1_0/constraints/img_process_ooc.xdc  
  inflating: /home/student/ml634/2015/samples/platforms/zc702_hdmi/samples/simple_sobel/Release/_sds/iprepo/repo/xilinx_com_hls_img_process_1_0/hdl/verilog/img_process_mac_muladd_6ns_8ns_9ns_13_3.v  
  inflating: /home/student/ml634/2015/samples/platforms/zc702_hdmi/samples/simple_sobel/Release/_sds/iprepo/repo/xilinx_com_hls_img_process_1_0/hdl/verilog/img_process_line_buffer.v  
  inflating: /home/student/ml634/2015/samples/platforms/zc702_hdmi/samples/simple_sobel/Release/_sds/iprepo/repo/xilinx_com_hls_img_process_1_0/hdl/verilog/img_process_line_buffer_ram.dat  
  inflating: /home/student/ml634/2015/samples/platforms/zc702_hdmi/samples/simple_sobel/Release/_sds/iprepo/repo/xilinx_com_hls_img_process_1_0/hdl/verilog/img_process.v  
  inflating: /home/student/ml634/2015/samples/platforms/zc702_hdmi/samples/simple_sobel/Release/_sds/iprepo/repo/xilinx_com_hls_img_process_1_0/hdl/vhdl/img_process_mac_muladd_6ns_8ns_9ns_13_3.vhd  
  inflating: /home/student/ml634/2015/samples/platforms/zc702_hdmi/samples/simple_sobel/Release/_sds/iprepo/repo/xilinx_com_hls_img_process_1_0/hdl/vhdl/img_process_line_buffer.vhd  
  inflating: /home/student/ml634/2015/samples/platforms/zc702_hdmi/samples/simple_sobel/Release/_sds/iprepo/repo/xilinx_com_hls_img_process_1_0/hdl/vhdl/img_process.vhd  
  inflating: /home/student/ml634/2015/samples/platforms/zc702_hdmi/samples/simple_sobel/Release/_sds/iprepo/repo/xilinx_com_hls_img_process_1_0/doc/ReleaseNotes.txt  
  inflating: /home/student/ml634/2015/samples/platforms/zc702_hdmi/samples/simple_sobel/Release/_sds/iprepo/repo/xilinx_com_hls_img_process_1_0/misc/logo.png  
  inflating: /home/student/ml634/2015/samples/platforms/zc702_hdmi/samples/simple_sobel/Release/_sds/iprepo/repo/xilinx_com_hls_img_process_1_0/xgui/img_process_v1_0.tcl  
arm-xilinx-linux-gnueabi-objcopy -O binary --set-section-flags .xdif=alloc --only-section=.xdif /home/student/ml634/2015/samples/platforms/zc702_hdmi/samples/simple_sobel/Release/hw/img_filters.o /home/student/ml634/2015/samples/platforms/zc702_hdmi/samples/simple_sobel/Release/_sds/.cdb/img_process_if.xml
build_xd_ip_db  -sds-pf /work/zhang/common/tools/xilinx/SDSoC/2015.2.1/bin/../samples/platforms/zc702_hdmi/zc702_hdmi_hw.pfm  -ip /home/student/ml634/2015/samples/platforms/zc702_hdmi/samples/simple_sobel/Release/_sds/iprepo/repo/xilinx_com_hls_img_process_1_0  -o /home/student/ml634/2015/samples/platforms/zc702_hdmi/samples/simple_sobel/Release/_sds/.cdb/xd_ip_db.xml  
INFO: Using user-defined path for XILINX_XD environment variable /work/zhang/common/tools/xilinx/SDSoC/2015.2.1
processing accelerators: /home/student/ml634/2015/samples/platforms/zc702_hdmi/samples/simple_sobel/Release/_sds/iprepo/repo/xilinx_com_hls_img_process_1_0
ip_dir: /home/student/ml634/2015/samples/platforms/zc702_hdmi/samples/simple_sobel/Release/_sds/iprepo/repo/xilinx_com_hls_img_process_1_0
xsltproc --stringparam xpath "spirit:component/spirit:name/text()" /work/zhang/common/tools/xilinx/SDSoC/2015.2.1/scripts/xdcc/xpathValueOf.xsl /home/student/ml634/2015/samples/platforms/zc702_hdmi/samples/simple_sobel/Release/_sds/iprepo/repo/xilinx_com_hls_img_process_1_0/component.xml
ip_name: img_process
INFO: [SDSoC 0-0] Generating data motion network
llvm-link -o /home/student/ml634/2015/samples/platforms/zc702_hdmi/samples/simple_sobel/Release/_sds/.llvm/sds_all.o /home/student/ml634/2015/samples/platforms/zc702_hdmi/samples/simple_sobel/Release/_sds/.llvm/./src/main_app.s /home/student/ml634/2015/samples/platforms/zc702_hdmi/samples/simple_sobel/Release/_sds/.llvm/./hw/img_filters.s
XidanePass  --platform zc702_hdmi  --dmclkid 1  --repo /home/student/ml634/2015/samples/platforms/zc702_hdmi/samples/simple_sobel/Release/_sds/.cdb/xd_ip_db.xml  --dmdb /work/zhang/common/tools/xilinx/SDSoC/2015.2.1/data/DM.db   -os linux 
INFO: [SDSoC 0-0] Analyzing hardware accelerators...
INFO: [SDSoC 0-0] Analyzing callers to hardware accelerators...
WARNING: [SDSoC 0-0] Unable to determine the memory attributes passed to rgb_data_in of function img_process at /home/student/ml634/2015/samples/platforms/zc702_hdmi/samples/simple_sobel/src/main_app.c:84
INFO: [SDSoC 0-0] Currently, #pragma SDS data mem_attribute is specified to be: CACHEABLE.PHYSICAL_CONTIGUOUS, please make sure this is correct
WARNING: [SDSoC 0-0] Unable to determine the memory attributes passed to rgb_data_out of function img_process at /home/student/ml634/2015/samples/platforms/zc702_hdmi/samples/simple_sobel/src/main_app.c:84
INFO: [SDSoC 0-0] Currently, #pragma SDS data mem_attribute is specified to be: CACHEABLE.PHYSICAL_CONTIGUOUS, please make sure this is correct
INFO: [SDSoC 0-0] Scheduling data transfer graph for partition 0
INFO: [SDSoC 0-0] Creating data motion network hardware for partition 0
INFO: [SDSoC 0-0] Creating software stub functions for partition 0
INFO: [SDSoC 0-0] Generating data motion network report for partition 0
INFO: [SDSoC 0-0] Rewriting caller code
xsltproc  -o /home/student/ml634/2015/samples/platforms/zc702_hdmi/samples/simple_sobel/Release/_sds/p0/ipi/apsys_acc_info.xml  --stringparam P_XD_IP_REPOS /home/student/ml634/2015/samples/platforms/zc702_hdmi/samples/simple_sobel/Release/_sds/.cdb/xd_ip_db.xml  /work/zhang/common/tools/xilinx/SDSoC/2015.2.1/scripts/xsd/genAdapterPackagedIpInfo.xsl 
      /home/student/ml634/2015/samples/platforms/zc702_hdmi/samples/simple_sobel/Release/_sds/.llvm/apsys_0.xml
INFO: [SDSoC 0-0] Creating block diagram (BD), address map, port information and device registration for partition 0 (this may take a few minutes)
system_linker -cf-input /home/student/ml634/2015/samples/platforms/zc702_hdmi/samples/simple_sobel/Release/_sds/.llvm/apsys_0.xml -cf-output-dir _sds/p0 -ip-db /home/student/ml634/2015/samples/platforms/zc702_hdmi/samples/simple_sobel/Release/_sds/.cdb/xd_ip_db.xml -ip-repo /home/student/ml634/2015/samples/platforms/zc702_hdmi/samples/simple_sobel/Release/_sds/iprepo/repo -sds-pf /work/zhang/common/tools/xilinx/SDSoC/2015.2.1/bin/../samples/platforms/zc702_hdmi:linux -software-only   -sdsoc
system_linker started at Tue Nov 08 14:19:37 EST 2016
INFO: [SDSoC 0-0] Creating hardware project files
INFO: [SDSoC 0-0] Creating Vivado block design
INFO: [SDSoC 0-0] Creating block diagram (BD) and address map
INFO: [SDSoC 0-0] Copying address map
INFO: [SDSoC 0-0] Creating port and device registration data
system_linker completed at Tue Nov 08 14:22:11 EST 2016
INFO: [SDSoC 0-0] Rewrite caller functions
arm-xilinx-linux-gnueabi-objcopy -O binary --set-section-flags .xdinfo=alloc --only-section=.xdinfo /home/student/ml634/2015/samples/platforms/zc702_hdmi/samples/simple_sobel/Release/src/main_app.o /home/student/ml634/2015/samples/platforms/zc702_hdmi/samples/simple_sobel/Release/_sds/.data/xdinfo.xml
arm-xilinx-linux-gnueabi-objcopy -O binary --set-section-flags .xddata=alloc --only-section=.xddata /home/student/ml634/2015/samples/platforms/zc702_hdmi/samples/simple_sobel/Release/src/main_app.o /home/student/ml634/2015/samples/platforms/zc702_hdmi/samples/simple_sobel/Release/_sds/.data/xddata.xml
arm-xilinx-linux-gnueabi-objcopy -O binary --set-section-flags .xdsdata=alloc --only-section=.xdsdata /home/student/ml634/2015/samples/platforms/zc702_hdmi/samples/simple_sobel/Release/src/main_app.o /home/student/ml634/2015/samples/platforms/zc702_hdmi/samples/simple_sobel/Release/_sds/.data/main_app.o.xml
caller_rewrite  -rewrite /home/student/ml634/2015/samples/platforms/zc702_hdmi/samples/simple_sobel/Release/_sds/.llvm/caller0.cfrewrite  -o /home/student/ml634/2015/samples/platforms/zc702_hdmi/samples/simple_sobel/Release/_sds/swstubs/main_app.c  /home/student/ml634/2015/samples/platforms/zc702_hdmi/samples/simple_sobel/Release/_sds/swstubs/unix_main_app.c  --  -c  -target arm-xilinx-linux-gnueabi -mcpu=cortex-a9 -mfpu=vfp -O0 -g -w   -I /work/zhang/common/tools/xilinx/SDSoC/2015.2.1/bin/../samples/platforms/zc702_hdmi/arm-xilinx-linux-gnueabi/include  -I /work/zhang/common/tools/xilinx/SDSoC/2015.2.1/arm-xilinx-linux-gnueabi/include  -I /work/zhang/common/tools/xilinx/SDSoC/2015.2.1/Vivado_HLS/2015.2/include   -I/work/zhang/common/tools/xilinx/SDSoC/2015.2.1/SDK/2015.2/gnu/arm/lin/lib/gcc/arm-xilinx-linux-gnueabi/4.9.1/include  -I/work/zhang/common/tools/xilinx/SDSoC/2015.2.1/SDK/2015.2/gnu/arm/lin/lib/gcc/arm-xilinx-linux-gnueabi/4.9.1/include-fixed  -I/work/zhang/common/tools/xilinx/SDSoC/2015.2.1/SDK/2015.2/gnu/arm/lin/arm-xilinx-linux-gnueabi/include  -I/work/zhang/common/tools/xilinx/SDSoC/2015.2.1/SDK/2015.2/gnu/arm/lin/arm-xilinx-linux-gnueabi/libc/usr/include  -I/home/student/ml634/2015/samples/platforms/zc702_hdmi/samples/simple_sobel/src -I/home/student/ml634/2015/samples/platforms/zc702_hdmi/samples/simple_sobel/hw -Wall -O3 -fmessage-length=0 -MMD -MP -D __SDSCC__
INFO: [SDSoC 0-0] Compile caller rewrite file /home/student/ml634/2015/samples/platforms/zc702_hdmi/samples/simple_sobel/Release/_sds/swstubs/main_app.c
arm-xilinx-linux-gnueabi-gcc  -c /home/student/ml634/2015/samples/platforms/zc702_hdmi/samples/simple_sobel/Release/_sds/swstubs/main_app.c  -I/home/student/ml634/2015/samples/platforms/zc702_hdmi/samples/simple_sobel/src -I/home/student/ml634/2015/samples/platforms/zc702_hdmi/samples/simple_sobel/hw -Wall -O3 -fmessage-length=0 -MMD -MP -D __SDSCC__   -I /work/zhang/common/tools/xilinx/SDSoC/2015.2.1/bin/../samples/platforms/zc702_hdmi/arm-xilinx-linux-gnueabi/include  -I /work/zhang/common/tools/xilinx/SDSoC/2015.2.1/arm-xilinx-linux-gnueabi/include  -I /work/zhang/common/tools/xilinx/SDSoC/2015.2.1/Vivado_HLS/2015.2/include  -o /home/student/ml634/2015/samples/platforms/zc702_hdmi/samples/simple_sobel/Release/_sds/swstubs/main_app.o
/home/student/ml634/2015/samples/platforms/zc702_hdmi/samples/simple_sobel/Release/_sds/swstubs/main_app.c: In function 'sw_sobel_processing':
/home/student/ml634/2015/samples/platforms/zc702_hdmi/samples/simple_sobel/Release/_sds/swstubs/main_app.c:92:1: warning: format '%lu' expects argument of type 'long unsigned int', but argument 2 has type 'unsigned int' [-Wformat=]
 TIME_STAMP
 ^
/home/student/ml634/2015/samples/platforms/zc702_hdmi/samples/simple_sobel/Release/_sds/swstubs/main_app.c: In function 'thread_sw_sync':
/home/student/ml634/2015/samples/platforms/zc702_hdmi/samples/simple_sobel/Release/_sds/swstubs/main_app.c:125:17: warning: passing argument 1 of 'sds_mmap' makes pointer from integer without a cast
                 sds_mmap(input_frame[i], map_len, virtual_addr_in);
                 ^
/work/zhang/common/tools/xilinx/SDSoC/2015.2.1/arm-xilinx-linux-gnueabi/include/sds_lib.h:32:14: note: expected 'void *' but argument is of type 'unsigned int'
 extern void *sds_mmap( void *physical_addr, size_t size, void *virtual_addr);
              ^
/home/student/ml634/2015/samples/platforms/zc702_hdmi/samples/simple_sobel/Release/_sds/swstubs/main_app.c:126:17: warning: passing argument 1 of 'sds_mmap' makes pointer from integer without a cast
                 sds_mmap(output_frame[i], map_len, virtual_addr_out);
                 ^
/work/zhang/common/tools/xilinx/SDSoC/2015.2.1/arm-xilinx-linux-gnueabi/include/sds_lib.h:32:14: note: expected 'void *' but argument is of type 'unsigned int'
 extern void *sds_mmap( void *physical_addr, size_t size, void *virtual_addr);
              ^
INFO: [SDSoC 0-0] Prepare hardware access API functions
INFO: [SDSoC 0-0] Create accelerator stub functions
stub_gen  -func img_process  -stub /home/student/ml634/2015/samples/platforms/zc702_hdmi/samples/simple_sobel/Release/_sds/.llvm/img_process.cfrewrite  -o /home/student/ml634/2015/samples/platforms/zc702_hdmi/samples/simple_sobel/Release/_sds/swstubs/img_filters.c  /home/student/ml634/2015/samples/platforms/zc702_hdmi/samples/simple_sobel/Release/_sds/swstubs/unix_img_filters.c  --  -c  -target arm-xilinx-linux-gnueabi -mcpu=cortex-a9 -mfpu=vfp -O0 -g -w   -I /work/zhang/common/tools/xilinx/SDSoC/2015.2.1/bin/../samples/platforms/zc702_hdmi/arm-xilinx-linux-gnueabi/include  -I /work/zhang/common/tools/xilinx/SDSoC/2015.2.1/arm-xilinx-linux-gnueabi/include  -I /work/zhang/common/tools/xilinx/SDSoC/2015.2.1/Vivado_HLS/2015.2/include   -I/work/zhang/common/tools/xilinx/SDSoC/2015.2.1/SDK/2015.2/gnu/arm/lin/lib/gcc/arm-xilinx-linux-gnueabi/4.9.1/include  -I/work/zhang/common/tools/xilinx/SDSoC/2015.2.1/SDK/2015.2/gnu/arm/lin/lib/gcc/arm-xilinx-linux-gnueabi/4.9.1/include-fixed  -I/work/zhang/common/tools/xilinx/SDSoC/2015.2.1/SDK/2015.2/gnu/arm/lin/arm-xilinx-linux-gnueabi/include  -I/work/zhang/common/tools/xilinx/SDSoC/2015.2.1/SDK/2015.2/gnu/arm/lin/arm-xilinx-linux-gnueabi/libc/usr/include  -I/home/student/ml634/2015/samples/platforms/zc702_hdmi/samples/simple_sobel/hw  -Wall -O3 -fmessage-length=0 -MMD -MP -D __SDSCC__
INFO: [SDSoC 0-0] Compile hardware access API functions
arm-xilinx-linux-gnueabi-gcc  -I /work/zhang/common/tools/xilinx/SDSoC/2015.2.1/bin/../samples/platforms/zc702_hdmi/arm-xilinx-linux-gnueabi/include  -I /work/zhang/common/tools/xilinx/SDSoC/2015.2.1/arm-xilinx-linux-gnueabi/include  -I /work/zhang/common/tools/xilinx/SDSoC/2015.2.1/Vivado_HLS/2015.2/include  -c  /home/student/ml634/2015/samples/platforms/zc702_hdmi/samples/simple_sobel/Release/_sds/swstubs/devreg.c
arm-xilinx-linux-gnueabi-gcc  -I /work/zhang/common/tools/xilinx/SDSoC/2015.2.1/bin/../samples/platforms/zc702_hdmi/arm-xilinx-linux-gnueabi/include  -I /work/zhang/common/tools/xilinx/SDSoC/2015.2.1/arm-xilinx-linux-gnueabi/include  -I /work/zhang/common/tools/xilinx/SDSoC/2015.2.1/Vivado_HLS/2015.2/include   -c  /home/student/ml634/2015/samples/platforms/zc702_hdmi/samples/simple_sobel/Release/_sds/swstubs/portinfo.c
arm-xilinx-linux-gnueabi-g++  -I /work/zhang/common/tools/xilinx/SDSoC/2015.2.1/bin/../samples/platforms/zc702_hdmi/arm-xilinx-linux-gnueabi/include  -I /work/zhang/common/tools/xilinx/SDSoC/2015.2.1/arm-xilinx-linux-gnueabi/include  -I /work/zhang/common/tools/xilinx/SDSoC/2015.2.1/Vivado_HLS/2015.2/include  -c  /home/student/ml634/2015/samples/platforms/zc702_hdmi/samples/simple_sobel/Release/_sds/swstubs/cf_stub.c
arm-xilinx-linux-gnueabi-ar crs /home/student/ml634/2015/samples/platforms/zc702_hdmi/samples/simple_sobel/Release/_sds/swstubs/libxlnk_stub.a /home/student/ml634/2015/samples/platforms/zc702_hdmi/samples/simple_sobel/Release/_sds/swstubs/devreg.o /home/student/ml634/2015/samples/platforms/zc702_hdmi/samples/simple_sobel/Release/_sds/swstubs/portinfo.o /home/student/ml634/2015/samples/platforms/zc702_hdmi/samples/simple_sobel/Release/_sds/swstubs/cf_stub.o
INFO: [SDSoC 0-0] Compile accelerator stub functions
arm-xilinx-linux-gnueabi-gcc -c img_filters.c  -I /work/zhang/common/tools/xilinx/SDSoC/2015.2.1/bin/../samples/platforms/zc702_hdmi/arm-xilinx-linux-gnueabi/include  -I /work/zhang/common/tools/xilinx/SDSoC/2015.2.1/arm-xilinx-linux-gnueabi/include  -I /work/zhang/common/tools/xilinx/SDSoC/2015.2.1/Vivado_HLS/2015.2/include -I/home/student/ml634/2015/samples/platforms/zc702_hdmi/samples/simple_sobel/hw  -Wall -O3 -fmessage-length=0 -MMD -MP -D __SDSCC__  -o img_filters.o
img_filters.c: In function 'img_process':
arm-xilinx-linux-gnueabi-ar crs /home/student/ml634/2015/samples/platforms/zc702_hdmi/samples/simple_sobel/Release/_sds/swstubs/libsobel_cmd.a /home/student/ml634/2015/samples/platforms/zc702_hdmi/samples/simple_sobel/Release/_sds/swstubs/devreg.o /home/student/ml634/2015/samples/platforms/zc702_hdmi/samples/simple_sobel/Release/_sds/swstubs/portinfo.o /home/student/ml634/2015/samples/platforms/zc702_hdmi/samples/simple_sobel/Release/_sds/swstubs/cf_stub.o /home/student/ml634/2015/samples/platforms/zc702_hdmi/samples/simple_sobel/Release/_sds/swstubs/img_filters.o
INFO: [SDSoC 0-0] Link application ELF file
arm-xilinx-linux-gnueabi-g++   /home/student/ml634/2015/samples/platforms/zc702_hdmi/samples/simple_sobel/Release/_sds/swstubs/main_app.o /home/student/ml634/2015/samples/platforms/zc702_hdmi/samples/simple_sobel/Release/_sds/swstubs/img_filters.o  -lpthread -lzc702hdmi   -L /work/zhang/common/tools/xilinx/SDSoC/2015.2.1/bin/../samples/platforms/zc702_hdmi/arm-xilinx-linux-gnueabi/lib -L /work/zhang/common/tools/xilinx/SDSoC/2015.2.1/arm-xilinx-linux-gnueabi/lib -L/home/student/ml634/2015/samples/platforms/zc702_hdmi/samples/simple_sobel/Release/_sds/swstubs -Wl,--start-group  -Wl,--end-group -Wl,--start-group    -lpthread -lsds_lib -lxlnk_stub  -Wl,--end-group -o /home/student/ml634/2015/samples/platforms/zc702_hdmi/samples/simple_sobel/Release/_sds/swstubs/sobel_cmd.elf
arm-xilinx-linux-gnueabi-objcopy -R .xdinfo -R .xddata -R .xdasm -R .xdfcnmap -R .xdhlscore -R .xdif -R .xdparams -R .xdcore -R .xdsdata -R .xdpp /home/student/ml634/2015/samples/platforms/zc702_hdmi/samples/simple_sobel/Release/_sds/swstubs/sobel_cmd.elf
INFO: [SDSoC 0-0] Enable generation of hardware programming files
INFO: [SDSoC 0-0] Enable generation of boot files
INFO: [SDSoC 0-0] Calling system_linker for partition 0
system_linker -cf-input /home/student/ml634/2015/samples/platforms/zc702_hdmi/samples/simple_sobel/Release/_sds/.llvm/apsys_0.xml -cf-output-dir _sds/p0 -ip-db /home/student/ml634/2015/samples/platforms/zc702_hdmi/samples/simple_sobel/Release/_sds/.cdb/xd_ip_db.xml -ip-repo /home/student/ml634/2015/samples/platforms/zc702_hdmi/samples/simple_sobel/Release/_sds/iprepo/repo -sds-pf /work/zhang/common/tools/xilinx/SDSoC/2015.2.1/bin/../samples/platforms/zc702_hdmi:linux -bitstream -bit-name sobel_cmd.elf.bit -boot-files   -mdev-no-swgen -mdev-no-xsd -sdsoc -sd-output-dir _sds/p0/sd_card -bit-binary -elf /home/student/ml634/2015/samples/platforms/zc702_hdmi/samples/simple_sobel/Release/_sds/swstubs/sobel_cmd.elf
system_linker started at Tue Nov 08 14:22:14 EST 2016
INFO: [SDSoC 0-0] Generating bitstream for platform zc702_hdmi.
      This may take some time to complete
... [14:22:58] Starting synth_design
... [14:23:18] Starting RTL Elaboration : Time (s): cpu = 00:00:24 ; elapsed = 00:00:29 . Memory (MB): peak = 1139.918 ; gain = 260.070 ; free physical = 1881 ; free virtual = 19261
... [14:50:19] Start Loading Part and Timing Information
... [14:50:19] Start Applying 'set_property' XDC Constraints
... [14:51:59] Start RTL Component Statistics 
... [14:51:59] Start RTL Hierarchical Component Statistics 
... [14:51:59] Start Part Resource Summary
... [14:51:59] Start Parallel Synthesis Optimization  : Time (s): cpu = 00:29:02 ; elapsed = 00:29:14 . Memory (MB): peak = 2294.125 ; gain = 1414.277 ; free physical = 1083 ; free virtual = 18271
... [14:52:25] Start Cross Boundary Optimization
... [14:53:05] Start Area Optimization
... [14:54:00] Start Timing Optimization
... [14:54:25] Start Applying XDC Timing Constraints
... [14:54:40] Start Technology Mapping
... [14:56:20] Start IO Insertion
... [14:56:20] Start Final Netlist Cleanup
... [14:56:25] Start Renaming Generated Instances
... [14:56:35] Start Rebuilding User Hierarchy
... [14:56:40] Start Renaming Generated Ports : Time (s): cpu = 00:31:54 ; elapsed = 00:33:51 . Memory (MB): peak = 2465.457 ; gain = 1585.609 ; free physical = 1102 ; free virtual = 16273
... [14:56:45] Start Writing Synthesis Report
... [14:58:43] Starting DRC Task
... [14:58:48] Starting Logic Optimization Task
... [14:59:18] Starting Connectivity Check Task
... [14:59:18] Starting Power Optimization Task
... [14:59:33] Starting PowerOpt Patch Enables Task
... [14:59:53] Starting Placer Task
... [15:02:48] Starting Routing Task
INFO: [SDSoC 0-0] Creating boot files
system_linker completed at Tue Nov 08 15:08:25 EST 2016
All user specified timing constraints are met.
sds++ log file saved as /home/student/ml634/2015/samples/platforms/zc702_hdmi/samples/simple_sobel/Release/_sds/reports/sds.log
sds++ completed at Tue Nov 08 15:08:25 EST 2016
