@I [HLS-0] Workspace /home/student/ml634/2015/samples/mmult/_sds/vhls/mmult/solution opened at Tue Nov 08 14:08:08 EST 2016
@I [HLS-100] Command 'open_solution' returned 0; elapsed 0.01Total elapsed time: 0.385 sec.
@I [HLS-100] Command "set_part  xc7z020clg484-1  "
@I [HLS-100] Command "add_library xilinx/zynq/zynq:xc7z020:clg484:-1 "
@I [HLS-100] Command "get_default_platform "
@I [HLS-100] Command 'get_default_platform' returned 0; elapsed 0Total elapsed time: 0.389 sec.
@I [HLS-100] Command "license_isbetapart xc7z020 "
@I [HLS-100] Command 'license_isbetapart' returned 1; elapsed 0.01Total elapsed time: 0.401 sec.
@I [HLS-100] Command "open_platform DefaultPlatform "
@I [HLS-100] Command 'open_platform' returned 0; elapsed 0Total elapsed time: 0.402 sec.
@I [HLS-100] Command "import_lib /work/zhang/common/tools/xilinx/SDSoC/2016.1/Vivado_HLS/2016.1/common/technology/xilinx/zynq/zynq "
@I [HLS-100] Command "source /work/zhang/common/tools/xilinx/SDSoC/2016.1/Vivado_HLS/2016.1/common/technology/xilinx/common/xilinx.lib "
@I [HLS-100] Command "source /work/zhang/common/tools/xilinx/SDSoC/2016.1/Vivado_HLS/2016.1/common/technology/xilinx/interface/xilinx_interface.lib "
@I [HLS-100] Command "source /work/zhang/common/tools/xilinx/SDSoC/2016.1/Vivado_HLS/2016.1/common/technology/xilinx/interface/plb46.lib "
@I [HLS-100] Command 'ap_source' returned 0; elapsed 0Total elapsed time: 0.404 sec.
@I [HLS-100] Command "source /work/zhang/common/tools/xilinx/SDSoC/2016.1/Vivado_HLS/2016.1/common/technology/xilinx/interface/fsl.lib "
@I [HLS-100] Command 'ap_source' returned 0; elapsed 0Total elapsed time: 0.404 sec.
@I [HLS-100] Command "source /work/zhang/common/tools/xilinx/SDSoC/2016.1/Vivado_HLS/2016.1/common/technology/xilinx/interface/axi4.lib "
@I [HLS-100] Command 'ap_source' returned 0; elapsed 0Total elapsed time: 0.404 sec.
@I [HLS-100] Command "source /work/zhang/common/tools/xilinx/SDSoC/2016.1/Vivado_HLS/2016.1/common/technology/xilinx/interface/maxi.lib "
@I [HLS-100] Command 'ap_source' returned 0; elapsed 0Total elapsed time: 0.405 sec.
@I [HLS-100] Command "source /work/zhang/common/tools/xilinx/SDSoC/2016.1/Vivado_HLS/2016.1/common/technology/xilinx/interface/saxilite.lib "
@I [HLS-100] Command 'ap_source' returned 0; elapsed 0Total elapsed time: 0.405 sec.
@I [HLS-100] Command 'ap_source' returned 0; elapsed 0Total elapsed time: 0.405 sec.
@I [HLS-100] Command "source /work/zhang/common/tools/xilinx/SDSoC/2016.1/Vivado_HLS/2016.1/common/technology/xilinx/common/dsp48.lib "
@I [HLS-100] Command 'ap_source' returned 0; elapsed 0Total elapsed time: 0.406 sec.
@I [HLS-100] Command "source /work/zhang/common/tools/xilinx/SDSoC/2016.1/Vivado_HLS/2016.1/common/technology/xilinx/ip/xfft.lib "
@I [HLS-100] Command 'ap_source' returned 0; elapsed 0Total elapsed time: 0.406 sec.
@I [HLS-100] Command "source /work/zhang/common/tools/xilinx/SDSoC/2016.1/Vivado_HLS/2016.1/common/technology/xilinx/ip/dds_compiler.lib "
@I [HLS-100] Command 'ap_source' returned 0; elapsed 0Total elapsed time: 0.406 sec.
@I [HLS-100] Command "source /work/zhang/common/tools/xilinx/SDSoC/2016.1/Vivado_HLS/2016.1/common/technology/xilinx/ip/xfir.lib "
@I [HLS-100] Command 'ap_source' returned 0; elapsed 0Total elapsed time: 0.407 sec.
@I [HLS-100] Command 'ap_source' returned 0; elapsed 0.01Total elapsed time: 0.410 sec.
@I [HLS-100] Command "source /work/zhang/common/tools/xilinx/SDSoC/2016.1/Vivado_HLS/2016.1/common/technology/xilinx/common/xilinx_old.lib "
@I [HLS-100] Command 'ap_source' returned 0; elapsed 0Total elapsed time: 0.414 sec.
@I [HLS-100] Command "source /work/zhang/common/tools/xilinx/SDSoC/2016.1/Vivado_HLS/2016.1/common/technology/xilinx/common/xilinx_vivado.lib "
@I [HLS-100] Command 'ap_source' returned 0; elapsed 0Total elapsed time: 0.415 sec.
@I [HLS-100] Command "source /work/zhang/common/tools/xilinx/SDSoC/2016.1/Vivado_HLS/2016.1/common/technology/xilinx/common/xilinx.hlp "
@I [HLS-100] Command "source /work/zhang/common/tools/xilinx/SDSoC/2016.1/Vivado_HLS/2016.1/common/technology/xilinx/common/target_info.tcl "
@I [HLS-100] Command 'ap_source' returned 0; elapsed 0Total elapsed time: 0.418 sec.
@I [HLS-100] Command "source /work/zhang/common/tools/xilinx/SDSoC/2016.1/Vivado_HLS/2016.1/common/technology/xilinx/interface/xilinx_interface.hlp "
@I [HLS-100] Command "source /work/zhang/common/tools/xilinx/SDSoC/2016.1/Vivado_HLS/2016.1/common/technology/xilinx/interface/maxi.hlp "
@I [HLS-100] Command 'ap_source' returned 0; elapsed 0Total elapsed time: 0.419 sec.
@I [HLS-100] Command "source /work/zhang/common/tools/xilinx/SDSoC/2016.1/Vivado_HLS/2016.1/common/technology/xilinx/interface/saxilite.hlp "
@I [HLS-100] Command 'ap_source' returned 0; elapsed 0Total elapsed time: 0.419 sec.
@I [HLS-100] Command 'ap_source' returned 0; elapsed 0Total elapsed time: 0.419 sec.
@I [HLS-100] Command "source /work/zhang/common/tools/xilinx/SDSoC/2016.1/Vivado_HLS/2016.1/common/technology/xilinx/common/dsp48.hlp "
@I [HLS-100] Command 'ap_source' returned 0; elapsed 0Total elapsed time: 0.421 sec.
@I [HLS-100] Command 'ap_source' returned 0; elapsed 0.01Total elapsed time: 0.421 sec.
@I [HLS-100] Command "source /work/zhang/common/tools/xilinx/SDSoC/2016.1/Vivado_HLS/2016.1/common/technology/xilinx/zynq/dsp48e1.hlp "
@I [HLS-100] Command 'ap_source' returned 0; elapsed 0Total elapsed time: 0.421 sec.
@I [HLS-100] Command "get_default_platform "
@I [HLS-100] Command 'get_default_platform' returned 0; elapsed 0Total elapsed time: 0.422 sec.
@I [HLS-100] Command "config_chip_info -quiet -resource  {SLICE 13300}  {LUT 53200}     {FF 106400} {DSP48E 220}   {BRAM 280}  "
@I [HLS-100] Command 'config_chip_info' returned 0; elapsed 0Total elapsed time: 0.422 sec.
@I [HLS-100] Command "config_chip_info -quiet -speed medium "
@I [HLS-100] Command 'config_chip_info' returned 0; elapsed 0Total elapsed time: 0.422 sec.
@I [HLS-100] Command 'import_lib' returned 0; elapsed 0.03Total elapsed time: 0.424 sec.
@I [HLS-100] Command "source /work/zhang/common/tools/xilinx/SDSoC/2016.1/Vivado_HLS/2016.1/common/technology/xilinx/zynq/zynq.gen "
@I [HLS-100] Command "source /work/zhang/common/tools/xilinx/SDSoC/2016.1/Vivado_HLS/2016.1/common/technology/xilinx/common/virtex.gen "
@I [HLS-100] Command "source /work/zhang/common/tools/xilinx/SDSoC/2016.1/Vivado_HLS/2016.1/common/technology/xilinx/common/xilinx.gen "
@I [HLS-100] Command "source /work/zhang/common/tools/xilinx/SDSoC/2016.1/Vivado_HLS/2016.1/common/technology/xilinx/interface/plb46.gen "
@I [HLS-100] Command 'ap_source' returned 0; elapsed 0Total elapsed time: 0.427 sec.
@I [HLS-100] Command "source /work/zhang/common/tools/xilinx/SDSoC/2016.1/Vivado_HLS/2016.1/common/technology/xilinx/interface/fsl.gen "
@I [HLS-100] Command 'ap_source' returned 0; elapsed 0Total elapsed time: 0.427 sec.
@I [HLS-100] Command "source /work/zhang/common/tools/xilinx/SDSoC/2016.1/Vivado_HLS/2016.1/common/technology/xilinx/interface/axi4.gen "
@I [HLS-100] Command 'ap_source' returned 0; elapsed 0Total elapsed time: 0.430 sec.
@I [HLS-100] Command "source /work/zhang/common/tools/xilinx/SDSoC/2016.1/Vivado_HLS/2016.1/common/technology/xilinx/interface/nativeAXI4.gen "
@I [HLS-100] Command "source /work/zhang/common/tools/xilinx/SDSoC/2016.1/Vivado_HLS/2016.1/common/technology/xilinx/interface/saxilite.gen "
@I [HLS-100] Command 'ap_source' returned 0; elapsed 0.01Total elapsed time: 0.434 sec.
@I [HLS-100] Command "source /work/zhang/common/tools/xilinx/SDSoC/2016.1/Vivado_HLS/2016.1/common/technology/xilinx/interface/maxi.gen "
@I [HLS-100] Command 'ap_source' returned 0; elapsed 0.01Total elapsed time: 0.444 sec.
@I [HLS-100] Command 'ap_source' returned 0; elapsed 0.02Total elapsed time: 0.445 sec.
@I [HLS-100] Command "source /work/zhang/common/tools/xilinx/SDSoC/2016.1/Vivado_HLS/2016.1/common/technology/xilinx/scripts/xilinxcoregen.gen "
@I [HLS-100] Command 'ap_source' returned 0; elapsed 0.01Total elapsed time: 0.457 sec.
@I [HLS-100] Command "source /work/zhang/common/tools/xilinx/SDSoC/2016.1/Vivado_HLS/2016.1/common/technology/xilinx/interface/XilEDKCoreGen.gen "
@I [HLS-100] Command 'ap_source' returned 0; elapsed 0.01Total elapsed time: 0.467 sec.
@I [HLS-100] Command "source /work/zhang/common/tools/xilinx/SDSoC/2016.1/Vivado_HLS/2016.1/common/technology/xilinx/ip/xfft.gen "
@I [HLS-100] Command 'ap_source' returned 0; elapsed 0.13Total elapsed time: 0.599 sec.
@I [HLS-100] Command "source /work/zhang/common/tools/xilinx/SDSoC/2016.1/Vivado_HLS/2016.1/common/technology/xilinx/ip/xfir.gen "
@I [HLS-100] Command 'ap_source' returned 0; elapsed 0.01Total elapsed time: 0.600 sec.
@I [HLS-100] Command "source /work/zhang/common/tools/xilinx/SDSoC/2016.1/Vivado_HLS/2016.1/common/technology/xilinx/ip/util.gen "
@I [HLS-100] Command 'ap_source' returned 0; elapsed 0Total elapsed time: 0.600 sec.
@I [HLS-100] Command "source /work/zhang/common/tools/xilinx/SDSoC/2016.1/Vivado_HLS/2016.1/common/technology/xilinx/ip/dds_compiler.gen "
@I [HLS-100] Command 'ap_source' returned 0; elapsed 0Total elapsed time: 0.605 sec.
@I [HLS-100] Command 'ap_source' returned 0; elapsed 0.18Total elapsed time: 0.605 sec.
@I [HLS-100] Command "source /work/zhang/common/tools/xilinx/SDSoC/2016.1/Vivado_HLS/2016.1/common/technology/xilinx/common/dsp48.gen "
@I [HLS-100] Command 'ap_source' returned 0; elapsed 0Total elapsed time: 0.607 sec.
@I [HLS-100] Command 'ap_source' returned 0; elapsed 0.18Total elapsed time: 0.608 sec.
@I [HLS-100] Command 'ap_source' returned 0; elapsed 0.18Total elapsed time: 0.608 sec.
@I [HLS-100] Command "get_default_platform "
@I [HLS-100] Command 'get_default_platform' returned 0; elapsed 0Total elapsed time: 0.610 sec.
@I [HLS-100] Command "config_chip_info -quiet -resource  {SLICE 13300}  {LUT 53200}     {FF 106400} {DSP48E 220}   {BRAM 280}  "
@I [HLS-100] Command 'config_chip_info' returned 0; elapsed 0Total elapsed time: 0.611 sec.
@I [HLS-100] Command "config_chip_info -quiet -speed slow "
@I [HLS-100] Command 'config_chip_info' returned 0; elapsed 0Total elapsed time: 0.611 sec.
@I [HLS-100] Command 'add_library' returned 0; elapsed 0.23Total elapsed time: 0.613 sec.
@I [HLS-100] Command "add_library xilinx/zynq/zynq_fpv6 "
@I [HLS-100] Command "get_default_platform "
@I [HLS-100] Command 'get_default_platform' returned 0; elapsed 0Total elapsed time: 0.614 sec.
@I [HLS-100] Command "open_platform DefaultPlatform "
@I [HLS-100] Command 'open_platform' returned 0; elapsed 0Total elapsed time: 0.615 sec.
@I [HLS-100] Command "import_lib /work/zhang/common/tools/xilinx/SDSoC/2016.1/Vivado_HLS/2016.1/common/technology/xilinx/zynq/zynq_fpv6 "
@I [HLS-100] Command "source /work/zhang/common/tools/xilinx/SDSoC/2016.1/Vivado_HLS/2016.1/common/technology/xilinx/common/xilinx_fpv7.lib "
@I [HLS-100] Command "source /work/zhang/common/tools/xilinx/SDSoC/2016.1/Vivado_HLS/2016.1/common/technology/xilinx/common/xilinx_hp.lib "
@I [HLS-100] Command 'ap_source' returned 0; elapsed 0Total elapsed time: 0.617 sec.
@I [HLS-100] Command 'ap_source' returned 0; elapsed 0Total elapsed time: 0.621 sec.
@I [HLS-100] Command "source /work/zhang/common/tools/xilinx/SDSoC/2016.1/Vivado_HLS/2016.1/common/technology/xilinx/common/xilinx_fpv.hlp "
@I [HLS-100] Command "source /work/zhang/common/tools/xilinx/SDSoC/2016.1/Vivado_HLS/2016.1/common/technology/xilinx/common/xilinx.hlp "
@I [HLS-100] Command "source /work/zhang/common/tools/xilinx/SDSoC/2016.1/Vivado_HLS/2016.1/common/technology/xilinx/common/target_info.tcl "
@I [HLS-100] Command 'ap_source' returned 0; elapsed 0Total elapsed time: 0.631 sec.
@I [HLS-100] Command "source /work/zhang/common/tools/xilinx/SDSoC/2016.1/Vivado_HLS/2016.1/common/technology/xilinx/interface/xilinx_interface.hlp "
@I [HLS-100] Command "source /work/zhang/common/tools/xilinx/SDSoC/2016.1/Vivado_HLS/2016.1/common/technology/xilinx/interface/maxi.hlp "
@I [HLS-100] Command 'ap_source' returned 0; elapsed 0Total elapsed time: 0.631 sec.
@I [HLS-100] Command "source /work/zhang/common/tools/xilinx/SDSoC/2016.1/Vivado_HLS/2016.1/common/technology/xilinx/interface/saxilite.hlp "
@I [HLS-100] Command 'ap_source' returned 0; elapsed 0Total elapsed time: 0.631 sec.
@I [HLS-100] Command 'ap_source' returned 0; elapsed 0Total elapsed time: 0.631 sec.
@I [HLS-100] Command "source /work/zhang/common/tools/xilinx/SDSoC/2016.1/Vivado_HLS/2016.1/common/technology/xilinx/common/dsp48.hlp "
@I [HLS-100] Command 'ap_source' returned 0; elapsed 0Total elapsed time: 0.633 sec.
@I [HLS-100] Command 'ap_source' returned 0; elapsed 0Total elapsed time: 0.633 sec.
@I [HLS-100] Command 'ap_source' returned 0; elapsed 0Total elapsed time: 0.634 sec.
@I [HLS-100] Command "source /work/zhang/common/tools/xilinx/SDSoC/2016.1/Vivado_HLS/2016.1/common/technology/xilinx/zynq/zynq_hp.hlp "
@I [HLS-100] Command 'ap_source' returned 0; elapsed 0Total elapsed time: 0.635 sec.
@I [HLS-100] Command 'import_lib' returned 0; elapsed 0.02Total elapsed time: 0.641 sec.
@I [HLS-100] Command "source /work/zhang/common/tools/xilinx/SDSoC/2016.1/Vivado_HLS/2016.1/common/technology/xilinx/zynq/zynq_fpv6.gen "
@I [HLS-100] Command "source /work/zhang/common/tools/xilinx/SDSoC/2016.1/Vivado_HLS/2016.1/common/technology/xilinx/common/xilinx_fpv6.gen "
@I [HLS-100] Command 'ap_source' returned 0; elapsed 0Total elapsed time: 0.643 sec.
@I [HLS-100] Command 'ap_source' returned 0; elapsed 0Total elapsed time: 0.644 sec.
@I [HLS-100] Command 'add_library' returned 0; elapsed 0.02Total elapsed time: 0.646 sec.
@I [HLS-10] Setting target device to ' xc7z020clg484-1 '
@I [HLS-100] Command 'set_part' returned 0; elapsed 0.25Total elapsed time: 0.647 sec.
@I [HLS-100] Command "create_clock -period 8.5 "
@I [HLS-100] Command "config_clock -quiet -name default -period 8.5 -default=false "
@I [SYN-201] Setting up clock 'default' with a period of 8.5ns.
@I [HLS-100] Command 'config_clock' returned 0; elapsed 0Total elapsed time: 0.650 sec.
@I [HLS-100] Command 'create_clock' returned 0; elapsed 0.01Total elapsed time: 0.650 sec.
@I [HLS-100] Command "config_rtl -reset_level low "
@I [HLS-100] Command 'config_rtl' returned 0; elapsed 0Total elapsed time: 0.653 sec.
@I [HLS-100] Command "source /home/student/ml634/2015/samples/mmult/_sds/vhls/mmult.tcl "
@I [HLS-100] Command 'ap_source' returned 0; elapsed 0Total elapsed time: 0.654 sec.
@I [HLS-100] Command "csynth_design "
@I [HLS-100] Command "elaborate -effort=medium -skip_syncheck=0 -keep_printf=0 -lm=0 -skip_cdt=0 -skip_transform=0 -ng=0 -g=0 -opt_fp=0 "
@I [HLS-10] Analyzing design file '/home/student/ml634/2015/samples/mmult/mmult.cpp' ... 
@0 [HLS-0] Analyzing design file '/home/student/ml634/2015/samples/mmult/mmult.cpp' ... 
@I [HLS-0] Compiling one TU...
@I [HLS-0] 
Checking before pre-process: exec clang -fno-limit-debug-info -gcc-toolchain "/work/zhang/common/tools/xilinx/SDSoC/2016.1/Vivado_HLS/2016.1/lnx64/tools/gcc" -hls  -Wall -O3 -D__SDSCC__ -I/work/zhang/common/tools/xilinx/SDSoC/2016.1/aarch32-linux/include -I/home/student/ml634/2015/samples/mmult -D__SDSVHLS__ -I/home/student/ml634/2015/samples/mmult -w  -fno-math-errno -c -emit-llvm -O0  -mllvm -disable-llvm-optzns -fno-threadsafe-statics  -fno-use-cxa-atexit  -fno-threadsafe-statics -fno-use-cxa-atexit   -I "/work/zhang/common/tools/xilinx/SDSoC/2016.1/Vivado_HLS/2016.1/lnx64/tools/systemc/include" -I "/work/zhang/common/tools/xilinx/SDSoC/2016.1/Vivado_HLS/2016.1/include" -I "/work/zhang/common/tools/xilinx/SDSoC/2016.1/Vivado_HLS/2016.1/include/ap_sysc" -fexceptions -I "/work/zhang/common/tools/xilinx/SDSoC/2016.1/Vivado_HLS/2016.1/common/technology/autopilot" -include etc/autopilot_ssdm_op.h "/home/student/ml634/2015/samples/mmult/mmult.cpp"  -o "/home/student/ml634/2015/samples/mmult/_sds/vhls/mmult/solution/.autopilot/db/mmult.pp.00.o"

@I [HLS-100] Command "is_encrypted /home/student/ml634/2015/samples/mmult/_sds/vhls/mmult/solution/.autopilot/db/mmult.pp.00.o "
@I [HLS-100] Command 'is_encrypted' returned 0; elapsed 0Total elapsed time: 0.775 sec.
@I [HLS-0] Syntax Checker time: 0 seconds per iteration
@I [HLS-0] 
Source preprocessing: exec clang -fno-limit-debug-info -gcc-toolchain "/work/zhang/common/tools/xilinx/SDSoC/2016.1/Vivado_HLS/2016.1/lnx64/tools/gcc" -hls -fno-exceptions  -D__llvm__  -CC -E "/home/student/ml634/2015/samples/mmult/mmult.cpp"   -Wall -O3 -D__SDSCC__ -I/work/zhang/common/tools/xilinx/SDSoC/2016.1/aarch32-linux/include -I/home/student/ml634/2015/samples/mmult -D__SDSVHLS__ -I/home/student/ml634/2015/samples/mmult -w  -fno-math-errno -c -emit-llvm -O0  -mllvm -disable-llvm-optzns -fno-threadsafe-statics  -fno-use-cxa-atexit  -fno-threadsafe-statics -fno-use-cxa-atexit -DAESL_SYN -D__SYNTHESIS__ -D__HLS_SYN__ -I "/work/zhang/common/tools/xilinx/SDSoC/2016.1/Vivado_HLS/2016.1/common/technology/autopilot" -I "/work/zhang/common/tools/xilinx/SDSoC/2016.1/Vivado_HLS/2016.1/common/technology/autopilot/ap_sysc" -include etc/autopilot_ssdm_op.h  -o "/home/student/ml634/2015/samples/mmult/_sds/vhls/mmult/solution/.autopilot/db/mmult.pp.0.cpp"

@I [HLS-0] GCC PP time: 0 seconds per iteration
@I [HLS-100] Command "list_core -type functional_unit "
@I [HLS-100] Command 'list_core' returned 0; elapsed 0Total elapsed time: 0.856 sec.
@I [HLS-0] Marker-Pragma convertor: /home/student/ml634/2015/samples/mmult/_sds/vhls/mmult/solution/.autopilot/db/mmult.pp.0.cpp /home/student/ml634/2015/samples/mmult/_sds/vhls/mmult/solution/.autopilot/db/mmult.pp.0.cpp.ap-line.cpp /home/student/ml634/2015/samples/mmult/_sds/vhls/mmult/solution/.autopilot/db/mmult.pp.0.cpp.ap-line.cpp.CXX 1
@I [HLS-0] 
Source processor: exec /work/zhang/common/tools/xilinx/SDSoC/2016.1/Vivado_HLS/2016.1/tps/lnx64/jre/bin/java -Xmx512m -classpath   "/work/zhang/common/tools/xilinx/SDSoC/2016.1/Vivado_HLS/2016.1/lib/classes/autopilot.sourceprocessor.jar:/work/zhang/common/tools/xilinx/SDSoC/2016.1/Vivado_HLS/2016.1/lib/classes/org.eclipse.cdt.core_5.3.0.xilinx_patch.jar:/work/zhang/common/tools/xilinx/SDSoC/2016.1/Vivado_HLS/2016.1/lib/classes/org.eclipse.core.runtime_3.7.0.v20110110.jar:/work/zhang/common/tools/xilinx/SDSoC/2016.1/Vivado_HLS/2016.1/lib/classes/org.eclipse.equinox.common_3.6.0.v20110523.jar:/work/zhang/common/tools/xilinx/SDSoC/2016.1/Vivado_HLS/2016.1/lib/classes/com.ibm.icu_4.4.2.v20110208.jar:/work/zhang/common/tools/xilinx/SDSoC/2016.1/Vivado_HLS/2016.1/lib/classes/jargs.jar:/work/zhang/common/tools/xilinx/SDSoC/2016.1/Vivado_HLS/2016.1/lnx64/tools/eclipse/plugins/org.eclipse.emf.common_2.10.1.v20150123-0348.jar:/work/zhang/common/tools/xilinx/SDSoC/2016.1/Vivado_HLS/2016.1/lnx64/tools/eclipse/plugins/org.eclipse.emf.ecore_2.10.2.v20150123-0348.jar:/work/zhang/common/tools/xilinx/SDSoC/2016.1/Vivado_HLS/2016.1/lnx64/tools/eclipse/plugins/org.eclipse.emf.ecore.xmi_2.10.2.v20150123-0348.jar:/work/zhang/common/tools/xilinx/SDSoC/2016.1/Vivado_HLS/2016.1/lnx64/tools/eclipse/plugins/com.autoesl.autopilot.ui.directiveFileModel_1.0.0.jar:/work/zhang/common/tools/xilinx/SDSoC/2016.1/Vivado_HLS/2016.1/lnx64/tools/eclipse/plugins/com.autoesl.autopilot.ui.common_1.0.0.jar"  autopilot.sourceprocessor.CParser  "/home/student/ml634/2015/samples/mmult/_sds/vhls/mmult/solution/.autopilot/db/mmult.pp.0.cpp.ap-line.cpp"  -m "mmult" -o "/home/student/ml634/2015/samples/mmult/_sds/vhls/mmult/solution/.autopilot/db/mmult.pp.0.cpp.ap-cdt.cpp" --pp --directive /home/student/ml634/2015/samples/mmult/_sds/vhls/mmult/solution/solution.directive --source /home/student/ml634/2015/samples/mmult/mmult.cpp --error /home/student/ml634/2015/samples/mmult/_sds/vhls/mmult/solution/.autopilot/db --funcunit "AddSub AddSub_DSP AddSubnS DAddSub_fulldsp DAddSub_nodsp DDiv DExp_fulldsp DExp_meddsp DExp_nodsp DLog_fulldsp DLog_meddsp DLog_nodsp DMul_fulldsp DMul_maxdsp DMul_meddsp DMul_nodsp DRSqrt DRecip DSqrt DivnS FAddSub_fulldsp FAddSub_nodsp FDiv FExp_fulldsp FExp_meddsp FExp_nodsp FLog_fulldsp FLog_meddsp FLog_nodsp FMul_fulldsp FMul_maxdsp FMul_meddsp FMul_nodsp FRSqrt_fulldsp FRSqrt_nodsp FRecip_fulldsp FRecip_nodsp FSqrt HAddSub_nodsp HDiv HMul_fulldsp HMul_maxdsp HMul_nodsp HSqrt Mul Mul2S Mul3S Mul4S Mul5S Mul6S Mul_LUT MulnS MuxnS" --ve --vetcl /home/student/ml634/2015/samples/mmult/_sds/vhls/mmult/solution/.autopilot/db --ca --es --gf --pd --p2d /home/student/ml634/2015/samples/mmult/_sds/vhls/mmult/solution/.autopilot/db --sd --scff /home/student/ml634/2015/samples/mmult/_sds/vhls/mmult/solution/.autopilot/db/.systemc_flag --ad

@I [HLS-0] Marker-Pragma convertor: /home/student/ml634/2015/samples/mmult/_sds/vhls/mmult/solution/.autopilot/db/mmult.pp.0.cpp.ap-cdt.cpp /home/student/ml634/2015/samples/mmult/_sds/vhls/mmult/solution/.autopilot/db/mmult.pragma.0.cpp /home/student/ml634/2015/samples/mmult/_sds/vhls/mmult/solution/.autopilot/db/mmult.pragma.0.cpp.ap-line.CXX 0
@I [HLS-100] Command "source /home/student/ml634/2015/samples/mmult/_sds/vhls/mmult/solution/.autopilot/db/pragma.status.tcl "
@I [HLS-100] Command 'ap_source' returned 0; elapsed 0Total elapsed time: 2.313 sec.
@I [HLS-0] CDT processor time: 1 seconds per iteration
@I [HLS-0] Pragma handling time: 0 seconds per iteration
@I [HLS-0] 
Source preprocessing: exec clang -fno-limit-debug-info -gcc-toolchain "/work/zhang/common/tools/xilinx/SDSoC/2016.1/Vivado_HLS/2016.1/lnx64/tools/gcc" -hls -fno-exceptions  -D__llvm__  -CC -E "/home/student/ml634/2015/samples/mmult/_sds/vhls/mmult/solution/.autopilot/db/mmult.pragma.1.cpp"   -Wall -O3 -D__SDSCC__ -I/work/zhang/common/tools/xilinx/SDSoC/2016.1/aarch32-linux/include -I/home/student/ml634/2015/samples/mmult -D__SDSVHLS__ -I/home/student/ml634/2015/samples/mmult -w  -fno-math-errno -c -emit-llvm -O0  -mllvm -disable-llvm-optzns -fno-threadsafe-statics  -fno-use-cxa-atexit  -fno-threadsafe-statics -fno-use-cxa-atexit -DAESL_SYN -D__SYNTHESIS__ -D__HLS_SYN__ -I "/work/zhang/common/tools/xilinx/SDSoC/2016.1/Vivado_HLS/2016.1/common/technology/autopilot" -I "/work/zhang/common/tools/xilinx/SDSoC/2016.1/Vivado_HLS/2016.1/common/technology/autopilot/ap_sysc" -include etc/autopilot_ssdm_op.h  -o "/home/student/ml634/2015/samples/mmult/_sds/vhls/mmult/solution/.autopilot/db/mmult.pragma.2.cpp"

@I [HLS-0] exec clang -fno-limit-debug-info -gcc-toolchain /work/zhang/common/tools/xilinx/SDSoC/2016.1/Vivado_HLS/2016.1/lnx64/tools/gcc -hls -hls-analyze-label -hls-analyze-pragma -fno-exceptions  -D__llvm__  -w  "/home/student/ml634/2015/samples/mmult/_sds/vhls/mmult/solution/.autopilot/db/mmult.pragma.2.cpp"  -Wall -O3 -D__SDSCC__ -I/work/zhang/common/tools/xilinx/SDSoC/2016.1/aarch32-linux/include -I/home/student/ml634/2015/samples/mmult -D__SDSVHLS__ -I/home/student/ml634/2015/samples/mmult -w  -fno-math-errno -c -emit-llvm -O0  -mllvm -disable-llvm-optzns -fno-threadsafe-statics  -fno-use-cxa-atexit -DAESL_SYN -D__SYNTHESIS__ -D__HLS_SYN__ -I "/work/zhang/common/tools/xilinx/SDSoC/2016.1/Vivado_HLS/2016.1/common/technology/autopilot" -I "/work/zhang/common/tools/xilinx/SDSoC/2016.1/Vivado_HLS/2016.1/common/technology/autopilot/ap_sysc" -include etc/autopilot_ssdm_op.h -g -o "/home/student/ml634/2015/samples/mmult/_sds/vhls/mmult/solution/.autopilot/db/mmult.g.bc"
@I [HLS-100] Command "source /home/student/ml634/2015/samples/mmult/_sds/vhls/mmult/solution/.autopilot/db/ve_warning.tcl "
@I [HLS-100] Command 'ap_source' returned 0; elapsed 0Total elapsed time: 2.568 sec.
@I [HLS-10] Validating synthesis directives ...
@0 [HLS-0] Validating synthesis directives ...
@I [HLS-100] Command "source /home/student/ml634/2015/samples/mmult/_sds/vhls/mmult/solution/.autopilot/db/pragma.status.tcl "
@I [HLS-100] Command 'ap_source' returned 0; elapsed 0Total elapsed time: 2.570 sec.
@I [HLS-0] Linking all ...
@I [HLS-0] exec llvm-ld  "/home/student/ml634/2015/samples/mmult/_sds/vhls/mmult/solution/.autopilot/db/mmult.bc"  -disable-opt  -L/work/zhang/common/tools/xilinx/SDSoC/2016.1/Vivado_HLS/2016.1/lnx64/lib -lm_basic -o "/home/student/ml634/2015/samples/mmult/_sds/vhls/mmult/solution/.autopilot/db/a.o.pre"
@I [HLS-0] Link time: 0 seconds per iteration
@I [HLS-0] Linking all ...
@I [HLS-0] exec llvm-ld  "/home/student/ml634/2015/samples/mmult/_sds/vhls/mmult/solution/.autopilot/db/mmult.g.bc"  -disable-opt  -L/work/zhang/common/tools/xilinx/SDSoC/2016.1/Vivado_HLS/2016.1/lnx64/lib -lm_basic -o "/home/student/ml634/2015/samples/mmult/_sds/vhls/mmult/solution/.autopilot/db/a.g.pre"
@I [HLS-0] Link time: 0 seconds per iteration
@I [HLS-100] Command "opt_and_import_c a -opt_level=2 -skip_syncheck=0 -ng=0 -keep_printf=0 "
@I [HLS-100] Command "cleanup_all_models "
@I [HLS-100] Command 'cleanup_all_models' returned 0; elapsed 0Total elapsed time: 2.736 sec.
@I [HLS-10] Starting code transformations ...
@0 [HLS-0] Starting code transformations ...
@I [HLS-0] std xform: transform -hls -share-std-xform -always-inline -promote-dbg-pointer  -interface-preproc  -scalarrepl -mem2reg -keep-read-access -instcombine -dce  -promote-dbg-pointer  -bitop-raise  -indvars -loop-simplify -xunroll  -constprop -instcombine -simplifycfg -indvars  -simplifycfg -dce -globaldce  -basicaa  -simplifycfg -mem2reg -globalopt  -global-constprop -deadargelim -instcombine -simplifycfg  -prune-eh -simplifycfg  -scalarrepl -instcombine -reassociate -licm  -simplifycfg -loop-simplify -indvars -instcombine  -simplifycfg -mem2reg -loop-simplify -indvars -instcombine  -gvn -gvn -instcombine -adce  -break-crit-edges  -simplifycfg -loop-delete  -global-array-opt -dce -dse -adce  -find-syn-modules -top mmult  -deadargelim  -mem2reg -instcombine -dce  -presyn-prepare -auto-rom-infer  -interface-preproc  -syn-check -check-rec-only  -find-region -simplifycfg -func-extr -function-inline  -globaldce -mem2reg -instcombine -dce   -gvn -globaldce -adce -adse  -constprop -instcombine -bit-constprop  -instcombine -dce -simplifycfg -bitop-raise  -simplifycfg -dce -loop-delete -reassociate  -globalopt -global-privatize -mem2reg -dce  -global-constprop -pointer-simplify -constprop -dce  -func-inst -deadargelim  -promote-dbg-pointer  -norm-name   /home/student/ml634/2015/samples/mmult/_sds/vhls/mmult/solution/.autopilot/db/a.g.0.bc -o /home/student/ml634/2015/samples/mmult/_sds/vhls/mmult/solution/.autopilot/db/a.g.1.bc -f  -phase std-opt
@E [SYNCHK-79] Cannot find the top function 'mmult' in the design. Possible causes are: (1) the top function name is misspelled; (2) the top function is nonexistent or declared as static.
@E [HLS-70] Synthesizability check failed.
@I [HLS-100] Command 'opt_and_import_c' returned 2; elapsed 0.03Total elapsed time: 2.818 sec.
@I [HLS-111] Elapsed time: 0.93 seconds; current memory usage: 0.19 MB.
@I [HLS-100] Command 'elaborate' returned 2; elapsed 0.34Total elapsed time: 2.818 sec.
@I [HLS-100] Command 'csynth_design' returned 2; elapsed 0.34Total elapsed time: 2.818 sec.
@I [HLS-100] Command 'ap_source' returned 1; elapsed 0.62Total elapsed time: 2.818 sec.
command 'ap_source' returned error code
    while executing
"source /home/student/ml634/2015/samples/mmult/_sds/vhls/mmult_run.tcl"
    invoked from within
"hls::main /home/student/ml634/2015/samples/mmult/_sds/vhls/mmult_run.tcl"
    ("uplevel" body line 1)
    invoked from within
"uplevel 1 hls::main {*}$args"
    (procedure "hls_proc" line 5)
    invoked from within
"hls_proc $argv"
@I [HLS-100] Command "cleanup_all "
@I [HLS-100] Command 'cleanup_all' returned 0; elapsed 0Total elapsed time: 2.820 sec.
