Copyright 1986-2015 Xilinx, Inc. All Rights Reserved.
----------------------------------------------------------------------------------------------
| Tool Version      : Vivado v.2015.2 (lin64) Build 1266856 Fri Jun 26 16:35:25 MDT 2015
| Date              : Tue Nov  8 15:07:04 2016
| Host              : zhang-01.ece.cornell.edu running 64-bit CentOS release 6.8 (Final)
| Command           : report_clock_utilization -file top_wrapper_clock_utilization_routed.rpt
| Design            : top_wrapper
| Device            : 7z020-clg484
| Speed File        : -1  PRODUCTION 1.11 2014-09-11
| Temperature Grade : C
----------------------------------------------------------------------------------------------

Clock Utilization Report

Table of Contents
-----------------
1. Clock Primitive Utilization
2. Details of Global Clocks
3. Details of Regional Clocks
4. Details of Multi-Regional Clocks
5. Details of I/O Clocks
6. Details of Local Clocks
7. Clock Regions : Key Resource Utilization
8. Net wise resources used in clock region X0Y0
9. Net wise resources used in clock region X1Y0
10. Net wise resources used in clock region X0Y1
11. Net wise resources used in clock region X1Y1
12. Net wise resources used in clock region X0Y2
13. Net wise resources used in clock region X1Y2

1. Clock Primitive Utilization
------------------------------

+-------+------+-----------+-----------+
| Type  | Used | Available | Num Fixed |
+-------+------+-----------+-----------+
| BUFG  |    8 |        32 |         0 |
| BUFH  |    0 |        72 |         0 |
| BUFIO |    0 |        16 |         0 |
| MMCM  |    1 |         4 |         0 |
| PLL   |    0 |         4 |         0 |
| BUFR  |    0 |        16 |         0 |
| BUFMR |    0 |         8 |         0 |
+-------+------+-----------+-----------+


2. Details of Global Clocks
---------------------------

+-------+--------------------------------------------------------------------------+----------------------------------------------------------+---------------+-------+
|       |                                                                          |                                                          |   Num Loads   |       |
+-------+--------------------------------------------------------------------------+----------------------------------------------------------+-------+-------+-------+
| Index | BUFG Cell                                                                | Net Name                                                 |  BELs | Sites | Fixed |
+-------+--------------------------------------------------------------------------+----------------------------------------------------------+-------+-------+-------+
|     1 | BUFG_INST                                                                | VIDEO_CLK_SYS                                            |     1 |     1 |    no |
|     2 | system_top_i/clk_wiz_2/inst/clkf_buf                                     | system_top_i/clk_wiz_2/inst/clkfbout_buf_top_clk_wiz_2_0 |     1 |     1 |    no |
|     3 | system_top_i/processing_system7_1/inst/buffer_fclk_clk_0.FCLK_CLK_0_BUFG | system_top_i/processing_system7_1/inst/FCLK_CLK0         |     1 |     1 |    no |
|     4 | hdmi_clk_IBUF_BUFG_inst                                                  | hdmi_clk_IBUF_BUFG                                       |   109 |    39 |    no |
|     5 | system_top_i/clk_wiz_2/inst/clkout1_buf                                  | system_top_i/clk_wiz_2/inst/clk_out1                     |  2375 |   866 |    no |
|     6 | system_top_i/vsrc_sel_1/U0/VIDEO_SEL_GEN[0].BUFGMUX_INST                 | system_top_i/vsrc_sel_1/U0/video_clk[0]                  |  2401 |   687 |    no |
|     7 | system_top_i/clk_wiz_2/inst/clkout2_buf                                  | system_top_i/clk_wiz_2/inst/clk_out2                     | 13148 |  4268 |    no |
|     8 | system_top_i/processing_system7_1/inst/buffer_fclk_clk_1.FCLK_CLK_1_BUFG | system_top_i/processing_system7_1/inst/FCLK_CLK1         | 13238 |  4107 |    no |
+-------+--------------------------------------------------------------------------+----------------------------------------------------------+-------+-------+-------+


+-------+-------------------------------------------+------------------------------------------------------+--------------+-------+
|       |                                           |                                                      |   Num Loads  |       |
+-------+-------------------------------------------+------------------------------------------------------+------+-------+-------+
| Index | MMCM Cell                                 | Net Name                                             | BELs | Sites | Fixed |
+-------+-------------------------------------------+------------------------------------------------------+------+-------+-------+
|     1 | system_top_i/clk_wiz_2/inst/mmcm_adv_inst | system_top_i/clk_wiz_2/inst/clk_out1_top_clk_wiz_2_0 |    1 |     1 |    no |
|     2 | system_top_i/clk_wiz_2/inst/mmcm_adv_inst | system_top_i/clk_wiz_2/inst/clk_out2_top_clk_wiz_2_0 |    1 |     1 |    no |
|     3 | system_top_i/clk_wiz_2/inst/mmcm_adv_inst | system_top_i/clk_wiz_2/inst/clkfbout_top_clk_wiz_2_0 |    1 |     1 |    no |
+-------+-------------------------------------------+------------------------------------------------------+------+-------+-------+


3. Details of Regional Clocks
-----------------------------

4. Details of Multi-Regional Clocks
-----------------------------------

5. Details of I/O Clocks
------------------------

6. Details of Local Clocks
--------------------------

7. Clock Regions : Key Resource Utilization
-------------------------------------------

+-------------------+--------------+--------------+--------------+--------------+--------------+--------------+--------------+--------------+--------------+--------------+--------------+--------------+--------------+--------------+--------------+
|                   | Global Clock |     BUFRs    |    BUFMRs    |    BUFIOs    |     MMCM     |      PLL     |      GT      |      PCI     |    ILOGIC    |    OLOGIC    |      FF      |     LUTM     |    RAMB18    |    RAMB36    |    DSP48E1   |
+-------------------+------+-------+------+-------+------+-------+------+-------+------+-------+------+-------+------+-------+------+-------+------+-------+------+-------+------+-------+------+-------+------+-------+------+-------+------+-------+
| Clock Region Name | Used | Avail | Used | Avail | Used | Avail | Used | Avail | Used | Avail | Used | Avail | Used | Avail | Used | Avail | Used | Avail | Used | Avail | Used | Avail | Used | Avail | Used | Avail | Used | Avail | Used | Avail |
+-------------------+------+-------+------+-------+------+-------+------+-------+------+-------+------+-------+------+-------+------+-------+------+-------+------+-------+------+-------+------+-------+------+-------+------+-------+------+-------+
| X0Y0              |    6 |    12 |    0 |     4 |    0 |     2 |    0 |     4 |    1 |     1 |    0 |     1 |    0 |     0 |    0 |     0 |   16 |    50 |    0 |    50 | 5725 | 20000 |  550 |  4000 |    4 |    60 |    9 |    30 |   10 |    60 |
| X1Y0              |    4 |    12 |    0 |     4 |    0 |     2 |    0 |     4 |    0 |     1 |    0 |     1 |    0 |     0 |    0 |     0 |    0 |    50 |    0 |    50 | 8018 | 25600 |  133 |  3400 |    0 |    60 |    9 |    30 |   10 |    40 |
| X0Y1              |    3 |    12 |    0 |     0 |    0 |     0 |    0 |     0 |    0 |     0 |    0 |     0 |    0 |     0 |    0 |     0 |    0 |     0 |    0 |     0 | 3229 |  9600 |  472 |  1600 |    0 |    20 |    0 |    10 |    0 |    20 |
| X1Y1              |    4 |    12 |    0 |     4 |    0 |     2 |    0 |     4 |    0 |     1 |    0 |     1 |    0 |     0 |    0 |     0 |    0 |    50 |    1 |    50 | 6316 | 20800 |  795 |  3400 |    6 |    60 |    8 |    30 |    0 |    40 |
| X0Y2              |    3 |    12 |    0 |     0 |    0 |     0 |    0 |     0 |    0 |     0 |    0 |     0 |    0 |     0 |    0 |     0 |    0 |     0 |    0 |     0 | 1372 |  9600 |   95 |  1600 |    0 |    20 |    0 |    10 |    0 |    20 |
| X1Y2              |    1 |    12 |    0 |     4 |    0 |     2 |    0 |     4 |    0 |     1 |    0 |     1 |    0 |     0 |    0 |     0 |    0 |    50 |    0 |    50 | 4281 | 20800 |  200 |  3400 |    0 |    60 |    4 |    30 |    3 |    40 |
+-------------------+------+-------+------+-------+------+-------+------+-------+------+-------+------+-------+------+-------+------+-------+------+-------+------+-------+------+-------+------+-------+------+-------+------+-------+------+-------+
* RAMB36 site can be used as two RAMB18/FIFO18 sites.


8. Net wise resources used in clock region X0Y0
-----------------------------------------------

+-------------+--------------+-------+-----------+----------+---------+-----------+---------+---------+------+-------+----------+----------------------------------------------------------+
| Source Type | BUFHCE Site  | Fixed | MMCM Pins | PLL Pins | GT Pins | BRAM Pins | ILOGICs | OLOGICs |  FFs | LUTMs | DSP48E1s |                      Clock Net Name                      |
+-------------+--------------+-------+-----------+----------+---------+-----------+---------+---------+------+-------+----------+----------------------------------------------------------+
| BUFG        | BUFHCE_X0Y0  |   no  |         1 |        0 |       0 |         0 |       0 |       0 |    0 |     0 |        0 | system_top_i/clk_wiz_2/inst/clkfbout_buf_top_clk_wiz_2_0 |
| BUFG        | BUFHCE_X0Y1  |   no  |         1 |        0 |       0 |         0 |       0 |       0 |    0 |     0 |        0 | system_top_i/processing_system7_1/inst/FCLK_CLK0         |
| BUFGCTRL    | BUFHCE_X0Y8  |   no  |         0 |        0 |       0 |         1 |       0 |       0 |   73 |    16 |        0 | system_top_i/vsrc_sel_1/U0/video_clk[0]                  |
| BUFG        | BUFHCE_X0Y11 |   no  |         0 |        0 |       0 |         0 |      16 |       0 |   89 |     2 |        0 | hdmi_clk_IBUF_BUFG                                       |
| BUFG        | BUFHCE_X0Y9  |   no  |         0 |        0 |       0 |         0 |       0 |       0 |  281 |     1 |        0 | system_top_i/clk_wiz_2/inst/clk_out1                     |
| BUFG        | BUFHCE_X0Y10 |   no  |         0 |        0 |       0 |        24 |       0 |       0 | 5282 |   531 |       10 | system_top_i/clk_wiz_2/inst/clk_out2                     |
+-------------+--------------+-------+-----------+----------+---------+-----------+---------+---------+------+-------+----------+----------------------------------------------------------+


9. Net wise resources used in clock region X1Y0
-----------------------------------------------

+-------------+--------------+-------+-----------+----------+---------+-----------+---------+---------+------+-------+----------+-----------------------------------------+
| Source Type | BUFHCE Site  | Fixed | MMCM Pins | PLL Pins | GT Pins | BRAM Pins | ILOGICs | OLOGICs |  FFs | LUTMs | DSP48E1s |              Clock Net Name             |
+-------------+--------------+-------+-----------+----------+---------+-----------+---------+---------+------+-------+----------+-----------------------------------------+
| BUFG        | BUFHCE_X1Y10 |   no  |         0 |        0 |       0 |         0 |       0 |       0 |    1 |     0 |        0 | hdmi_clk_IBUF_BUFG                      |
| BUFG        | BUFHCE_X1Y9  |   no  |         0 |        0 |       0 |         0 |       0 |       0 | 1380 |     2 |        0 | system_top_i/clk_wiz_2/inst/clk_out1    |
| BUFGCTRL    | BUFHCE_X1Y8  |   no  |         0 |        0 |       0 |         0 |       0 |       0 | 2115 |     8 |        0 | system_top_i/vsrc_sel_1/U0/video_clk[0] |
| BUFG        | BUFHCE_X1Y11 |   no  |         0 |        0 |       0 |        18 |       0 |       0 | 4522 |   123 |       10 | system_top_i/clk_wiz_2/inst/clk_out2    |
+-------------+--------------+-------+-----------+----------+---------+-----------+---------+---------+------+-------+----------+-----------------------------------------+


10. Net wise resources used in clock region X0Y1
------------------------------------------------

+-------------+--------------+-------+-----------+----------+---------+-----------+---------+---------+------+-------+----------+--------------------------------------------------+
| Source Type | BUFHCE Site  | Fixed | MMCM Pins | PLL Pins | GT Pins | BRAM Pins | ILOGICs | OLOGICs |  FFs | LUTMs | DSP48E1s |                  Clock Net Name                  |
+-------------+--------------+-------+-----------+----------+---------+-----------+---------+---------+------+-------+----------+--------------------------------------------------+
| BUFG        | BUFHCE_X0Y21 |   no  |         0 |        0 |       0 |         0 |       0 |       0 |  432 |    52 |        0 | system_top_i/clk_wiz_2/inst/clk_out1             |
| BUFG        | BUFHCE_X0Y20 |   no  |         0 |        0 |       0 |         0 |       0 |       0 | 1166 |   130 |        0 | system_top_i/processing_system7_1/inst/FCLK_CLK1 |
| BUFG        | BUFHCE_X0Y22 |   no  |         0 |        0 |       0 |         0 |       0 |       0 | 1631 |   290 |        0 | system_top_i/clk_wiz_2/inst/clk_out2             |
+-------------+--------------+-------+-----------+----------+---------+-----------+---------+---------+------+-------+----------+--------------------------------------------------+


11. Net wise resources used in clock region X1Y1
------------------------------------------------

+-------------+--------------+-------+-----------+----------+---------+-----------+---------+---------+------+-------+----------+--------------------------------------------------+
| Source Type | BUFHCE Site  | Fixed | MMCM Pins | PLL Pins | GT Pins | BRAM Pins | ILOGICs | OLOGICs |  FFs | LUTMs | DSP48E1s |                  Clock Net Name                  |
+-------------+--------------+-------+-----------+----------+---------+-----------+---------+---------+------+-------+----------+--------------------------------------------------+
| BUFG        | BUFHCE_X1Y22 |   no  |         0 |        0 |       0 |         0 |       0 |       0 |    7 |     0 |        0 | system_top_i/clk_wiz_2/inst/clk_out1             |
| BUFGCTRL    | BUFHCE_X1Y20 |   no  |         0 |        0 |       0 |         0 |       0 |       0 |  188 |     0 |        0 | system_top_i/vsrc_sel_1/U0/video_clk[0]          |
| BUFG        | BUFHCE_X1Y23 |   no  |         0 |        0 |       0 |         2 |       0 |       1 |  636 |    88 |        0 | system_top_i/clk_wiz_2/inst/clk_out2             |
| BUFG        | BUFHCE_X1Y21 |   no  |         0 |        0 |       0 |        26 |       0 |       0 | 5485 |   707 |        0 | system_top_i/processing_system7_1/inst/FCLK_CLK1 |
+-------------+--------------+-------+-----------+----------+---------+-----------+---------+---------+------+-------+----------+--------------------------------------------------+


12. Net wise resources used in clock region X0Y2
------------------------------------------------

+-------------+--------------+-------+-----------+----------+---------+-----------+---------+---------+------+-------+----------+--------------------------------------------------+
| Source Type | BUFHCE Site  | Fixed | MMCM Pins | PLL Pins | GT Pins | BRAM Pins | ILOGICs | OLOGICs |  FFs | LUTMs | DSP48E1s |                  Clock Net Name                  |
+-------------+--------------+-------+-----------+----------+---------+-----------+---------+---------+------+-------+----------+--------------------------------------------------+
| BUFG        |      ---     |   no  |         0 |        0 |       0 |         0 |       0 |       0 |    0 |     0 |        0 | system_top_i/clk_wiz_2/inst/clk_out2             |
| BUFG        | BUFHCE_X0Y33 |   no  |         0 |        0 |       0 |         0 |       0 |       0 |  202 |    17 |        0 | system_top_i/clk_wiz_2/inst/clk_out1             |
| BUFG        | BUFHCE_X0Y32 |   no  |         0 |        0 |       0 |         0 |       0 |       0 | 1170 |    78 |        0 | system_top_i/processing_system7_1/inst/FCLK_CLK1 |
+-------------+--------------+-------+-----------+----------+---------+-----------+---------+---------+------+-------+----------+--------------------------------------------------+


13. Net wise resources used in clock region X1Y2
------------------------------------------------

+-------------+--------------+-------+-----------+----------+---------+-----------+---------+---------+------+-------+----------+--------------------------------------------------+
| Source Type | BUFHCE Site  | Fixed | MMCM Pins | PLL Pins | GT Pins | BRAM Pins | ILOGICs | OLOGICs |  FFs | LUTMs | DSP48E1s |                  Clock Net Name                  |
+-------------+--------------+-------+-----------+----------+---------+-----------+---------+---------+------+-------+----------+--------------------------------------------------+
| BUFG        | BUFHCE_X1Y32 |   no  |         0 |        0 |       0 |         8 |       0 |       0 | 4281 |   200 |        3 | system_top_i/processing_system7_1/inst/FCLK_CLK1 |
+-------------+--------------+-------+-----------+----------+---------+-----------+---------+---------+------+-------+----------+--------------------------------------------------+



# Location of BUFG Primitives 
set_property LOC BUFGCTRL_X0Y0 [get_cells BUFG_INST]
set_property LOC BUFGCTRL_X0Y2 [get_cells hdmi_clk_IBUF_BUFG_inst]
set_property LOC BUFGCTRL_X0Y4 [get_cells system_top_i/clk_wiz_2/inst/clkout1_buf]
set_property LOC BUFGCTRL_X0Y5 [get_cells system_top_i/clk_wiz_2/inst/clkout2_buf]
set_property LOC BUFGCTRL_X0Y3 [get_cells system_top_i/clk_wiz_2/inst/clkf_buf]
set_property LOC BUFGCTRL_X0Y30 [get_cells system_top_i/processing_system7_1/inst/buffer_fclk_clk_0.FCLK_CLK_0_BUFG]
set_property LOC BUFGCTRL_X0Y31 [get_cells system_top_i/processing_system7_1/inst/buffer_fclk_clk_1.FCLK_CLK_1_BUFG]
set_property LOC BUFGCTRL_X0Y1 [get_cells system_top_i/vsrc_sel_1/U0/VIDEO_SEL_GEN[0].BUFGMUX_INST]

# Location of IO Clock Primitives

# Location of MMCM Clock Primitives
set_property LOC MMCME2_ADV_X0Y0 [get_cells system_top_i/clk_wiz_2/inst/mmcm_adv_inst]

# Location of BUFH Clock Primitives

# Location of BUFR Clock Primitives

# Location of BUFMR Clock Primitives

# Location of PLL Clock Primitives

# Location of IO Primitives which is load of clock spine

# Location of clock ports
set_property LOC IOB_X0Y25 [get_ports VIDEO_CLK_N]
set_property LOC IOB_X0Y26 [get_ports VIDEO_CLK_P]
set_property LOC IOB_X0Y24 [get_ports hdmi_clk]

# Clock net "hdmi_clk_IBUF_BUFG" driven by instance "hdmi_clk_IBUF_BUFG_inst" located at site "BUFGCTRL_X0Y2"
#startgroup
create_pblock {CLKAG_hdmi_clk_IBUF_BUFG}
add_cells_to_pblock [get_pblocks  {CLKAG_hdmi_clk_IBUF_BUFG}] [get_cells -filter { PRIMITIVE_GROUP != I/O && IS_PRIMITIVE==1 && PRIMITIVE_LEVEL !=INTERNAL && NAME!=system_top_i/vsrc_sel_1/U0/VIDEO_SEL_GEN[0].BUFGMUX_INST} -of_object [get_pins -filter {DIRECTION==IN} -of_objects [get_nets -hierarchical -filter {PARENT=="hdmi_clk_IBUF_BUFG"}]]]
resize_pblock [get_pblocks {CLKAG_hdmi_clk_IBUF_BUFG}] -add {CLOCKREGION_X0Y0:CLOCKREGION_X0Y0 CLOCKREGION_X1Y0:CLOCKREGION_X1Y0}
#endgroup

# Clock net "system_top_i/clk_wiz_2/inst/clk_out1" driven by instance "system_top_i/clk_wiz_2/inst/clkout1_buf" located at site "BUFGCTRL_X0Y4"
#startgroup
create_pblock {CLKAG_system_top_i/clk_wiz_2/inst/clk_out1}
add_cells_to_pblock [get_pblocks  {CLKAG_system_top_i/clk_wiz_2/inst/clk_out1}] [get_cells -filter { PRIMITIVE_GROUP != I/O && IS_PRIMITIVE==1 && PRIMITIVE_LEVEL !=INTERNAL } -of_object [get_pins -filter {DIRECTION==IN} -of_objects [get_nets -hierarchical -filter {PARENT=="system_top_i/clk_wiz_2/inst/clk_out1"}]]]
resize_pblock [get_pblocks {CLKAG_system_top_i/clk_wiz_2/inst/clk_out1}] -add {CLOCKREGION_X0Y0:CLOCKREGION_X0Y0 CLOCKREGION_X0Y1:CLOCKREGION_X0Y1 CLOCKREGION_X0Y2:CLOCKREGION_X0Y2 CLOCKREGION_X1Y0:CLOCKREGION_X1Y0 CLOCKREGION_X1Y1:CLOCKREGION_X1Y1}
#endgroup

# Clock net "system_top_i/clk_wiz_2/inst/clk_out2" driven by instance "system_top_i/clk_wiz_2/inst/clkout2_buf" located at site "BUFGCTRL_X0Y5"
#startgroup
create_pblock {CLKAG_system_top_i/clk_wiz_2/inst/clk_out2}
add_cells_to_pblock [get_pblocks  {CLKAG_system_top_i/clk_wiz_2/inst/clk_out2}] [get_cells -filter { PRIMITIVE_GROUP != I/O && IS_PRIMITIVE==1 && PRIMITIVE_LEVEL !=INTERNAL } -of_object [get_pins -filter {DIRECTION==IN} -of_objects [get_nets -hierarchical -filter {PARENT=="system_top_i/clk_wiz_2/inst/clk_out2"}]]]
resize_pblock [get_pblocks {CLKAG_system_top_i/clk_wiz_2/inst/clk_out2}] -add {CLOCKREGION_X0Y0:CLOCKREGION_X0Y0 CLOCKREGION_X0Y1:CLOCKREGION_X0Y1 CLOCKREGION_X0Y2:CLOCKREGION_X0Y2 CLOCKREGION_X1Y0:CLOCKREGION_X1Y0 CLOCKREGION_X1Y1:CLOCKREGION_X1Y1}
#endgroup

# Clock net "system_top_i/processing_system7_1/inst/FCLK_CLK1" driven by instance "system_top_i/processing_system7_1/inst/buffer_fclk_clk_1.FCLK_CLK_1_BUFG" located at site "BUFGCTRL_X0Y31"
#startgroup
create_pblock {CLKAG_system_top_i/processing_system7_1/inst/FCLK_CLK1}
add_cells_to_pblock [get_pblocks  {CLKAG_system_top_i/processing_system7_1/inst/FCLK_CLK1}] [get_cells -filter { PRIMITIVE_GROUP != I/O && IS_PRIMITIVE==1 && PRIMITIVE_LEVEL !=INTERNAL } -of_object [get_pins -filter {DIRECTION==IN} -of_objects [get_nets -hierarchical -filter {PARENT=="system_top_i/processing_system7_1/inst/FCLK_CLK1"}]]]
resize_pblock [get_pblocks {CLKAG_system_top_i/processing_system7_1/inst/FCLK_CLK1}] -add {CLOCKREGION_X0Y1:CLOCKREGION_X0Y1 CLOCKREGION_X0Y2:CLOCKREGION_X0Y2 CLOCKREGION_X1Y1:CLOCKREGION_X1Y1 CLOCKREGION_X1Y2:CLOCKREGION_X1Y2}
#endgroup

# Clock net "system_top_i/vsrc_sel_1/U0/video_clk[0]" driven by instance "system_top_i/vsrc_sel_1/U0/VIDEO_SEL_GEN[0].BUFGMUX_INST" located at site "BUFGCTRL_X0Y1"
#startgroup
create_pblock {CLKAG_system_top_i/vsrc_sel_1/U0/video_clk[0]}
add_cells_to_pblock [get_pblocks  {CLKAG_system_top_i/vsrc_sel_1/U0/video_clk[0]}] [get_cells -filter { PRIMITIVE_GROUP != I/O && IS_PRIMITIVE==1 && PRIMITIVE_LEVEL !=INTERNAL } -of_object [get_pins -filter {DIRECTION==IN} -of_objects [get_nets -hierarchical -filter {PARENT=="system_top_i/vsrc_sel_1/U0/video_clk[0]"}]]]
resize_pblock [get_pblocks {CLKAG_system_top_i/vsrc_sel_1/U0/video_clk[0]}] -add {CLOCKREGION_X0Y0:CLOCKREGION_X0Y0 CLOCKREGION_X1Y0:CLOCKREGION_X1Y0 CLOCKREGION_X1Y1:CLOCKREGION_X1Y1}
#endgroup
